2
25
50
10
4
30
4
18
9
40
32
32
13
8
2
30
37
9
8
20
27
35
6
9
13
12
26
39
15
4
2
14
38
21
6
1
2
19
23
4
11
13
1
16
12
10
29
3
38
1
42
6
6
32
29
43
4
1
23
24
25
2
2
2
6
9
24
25
22
2
13
2
11
43
23
18
13
11
35
2
12
36
13
2
9
6
2
4
8
21
25
6
7
25
6
18
32
2
6
43
30
9
21
39
2
15
2
2
6
1
25
15
45
8
8
3
6
35
9
6
37
26
8
18
2
9
29
43
6
2
13
20
6
16
23
21
35
4
6
27
35
14
24
14
9
1
25
22
4
16
1
11
20
35
2
39
18
4
29
2
11
32
1
38
7
9
10
20
2
6
4
1
16
4
32
36
10
19
26
30
2
6
40
11
56
8
23
4
43
26
4
18
20
36
11
2
4
1
53
3
13
2
2
43
19
4
23
2
13
32
32
40
19
4
2
38
27
21
35
42
26
8
2
11
35
25
35
46
4
18
42
11
2
2
37
11
2
21
11
45
3
43
12
37
20
12
7
29
8
22
45
9
4
19
4
2
4
18
10
13
15
16
35
6
3
6
11
6
10
6
2
2
14
31
13
17
43
6
18
38
2
35
2
12
2
8
11
8
2
6
6
25
12
8
22
7
12
29
19
13
39
26
16
4
16
8
10
6
2
26
38
19
9
6
16
30
22
2
6
4
8
1
50
16
45
17
23
19
13
29
4
32
1
1
35
10
48
24
16
21
27
18
4
23
45
9
53
1
23
14
4
30
1
8
15
37
16
2
10
6
18
2
2
37
26
4
4
8
9
9
24
12
50
6
16
16
6
2
8
2
1
3
2
23
4
6
1
10
16
13
18
23
56
6
46
2
42
1
1
11
2
11
32
23
26
4
18
22
20
6
6
21
22
1
40
4
9
6
43
2
35
21
1
19
40
13
13
2
2
2
35
3
32
29
13
8
18
9
21
27
23
14
14
38
29
4
51
18
8
4
25
9
2
9
11
29
21
11
20
4
39
13
4
1
4
29
15
19
35
4
9
6
9
2
13
19
12
27
11
17
8
30
2
4
10
12
6
22
33
47
14
16
7
9
4
16
32
9
23
29
2
16
29
23
23
9
21
2
27
40
8
1
4
22
6
8
1
13
6
45
8
25
45
4
9
11
1
21
4
16
9
18
1
33
48
29
4
56
16
6
19
16
43
6
9
21
6
31
6
25
43
29
43
2
9
6
19
25
11
45
4
32
29
22
8
20
20
6
29
32
4
11
8
6
1
43
19
11
37
9
9
18
18
26
38
2
4
11
18
39
23
42
9
6
24
20
14
29
43
6
16
6
4
45
56
21
10
32
25
2
11
7
29
4
35
1
9
32
11
42
13
50
13
40
26
29
8
2
25
3
32
9
46
13
9
6
13
12
37
16
4
7
30
39
53
3
8
6
1
39
7
19
16
19
29
2
2
33
18
17
33
19
11
18
21
30
6
6
11
20
4
25
2
2
1
6
18
29
45
37
51
2
4
20
1
12
29
1
21
26
29
6
18
38
1
43
42
43
4
6
6
11
16
4
2
14
33
23
21
22
18
16
10
48
2
12
30
50
3
15
26
12
11
43
13
2
2
11
17
26
4
19
13
22
42
26
1
4
35
11
16
13
11
37
2
12
4
2
18
4
27
2
12
9
17
13
42
4
36
51
18
51
45
7
22
2
40
16
27
4
8
4
6
39
8
10
24
31
16
4
2
7
12
21
8
26
7
25
19
4
1
2
12
39
18
29
20
4
1
24
6
8
27
36
6
16
12
26
20
6
18
7
11
2
11
56
24
25
6
11
42
33
37
2
10
56
4
2
6
30
24
33
6
50
26
32
25
13
21
38
4
9
13
16
4
43
2
16
42
32
15
6
16
4
2
32
25
8
4
1
21
1
2
22
47
20
6
21
4
4
25
35
6
19
21
1
3
8
35
26
11
33
12
30
15
10
2
1
12
6
8
11
6
17
16
47
11
1
9
32
13
9
9
18
21
18
2
19
12
46
3
4
48
6
27
16
17
2
10
39
13
2
16
9
25
13
32
2
27
27
13
1
45
13
2
2
9
13
26
21
11
4
29
29
12
2
4
35
9
2
10
1
16
11
14
20
19
6
8
29
36
16
9
8
22
37
11
6
26
25
29
16
29
11
15
4
26
26
32
21
4
35
16
13
2
18
35
1
2
9
40
32
8
20
25
4
2
16
11
26
