6317235
2876401
9453
93528
3076440
2943951
2416701
1813560
322003
1272810
3714175
53628
641278
2948806
358281
3782625
951510
3156328
7646005
92665
1863415
104196
38226
2189278
21945
894453
89676
3267846
4186171
3449251
578350
9836830
6409990
5656566
1237951
115921
47586
8897871
5160078
8385
4014361
291466
1445850
5700376
2973141
308505
2852466
3257628
1376970
306936
5629690
364231
3118753
5124801
52326
130816
7906276
9180
516636
3337236
1431
984906
2087946
9097245
1347261
2584401
179700
600060
2399145
268278
9673401
2816751
75855
297606
292995
55611
531996
278631
246753
413595
10296
832695
14706
9372285
4444671
451725
1766260
2290870
852165
1493856
190653
115440
6950856
131328
101025
2211
1427205
2577585
727821
8634090
725410
24310
1202025
687378
1034641
4561710
60031
7716556
93096
1745646
1540890
305371
43365
1101870
2922153
1775670
406351
63546
50403
2990235
6786
54285
886446
2492028
4710915
12051595
2919736
9792525
571915
611065
104653
7998000
1268028
30135
5727420
92665
7795326
7998000
1521640
1783216
358281
828828
2110485
4462578
505515
1322751
6320790
231540
7263766
1861485
258121
60031
4232595
870540
10371735
83028
1646205
392055
1504245
817281
464166
1581531
486591
830116
322003
41905
78210
376278
907878
3126250
3344991
3066526
1340703
26565
2842920
737505
2997576
128778
255255
442270
6913621
7003153
3153816
1684530
1159003
7018131
10212940
535095
535095
186966
1764381
2741311
2041210
495510
2112540
918690
538203
25425
1740045
2907666
6225156
27966
468028
708645
4543605
2802528
15225
364231
3014740
2563980
23871
23220
1081185
2588950
32896
730236
52975
2153850
4108411
853471
93961
30135
214185
578350
4154403
41905
17020
49455
396495
7081966
3565785
3804661
766941
623286
7902300
4468555
700336
7759830
132870
2620905
7626465
2588950
2047276
1792671
6264030
3368310
3848925
1091503
114481
393828
267546
132870
475800
47895
3828
2241903
3262735
278631
4896885
2598060
267546
301476
110215
79401
203841
5318691
10296
1335795
7503
216153
2412306
2368576
2990235
3727815
5099221
97020
4513510
101475
51681
1391946
469965
2139346
4671096
7378561
5276376
2657665
4400061
105
4850055
106953
31878
8522256
2031120
3901821
637885
1263255
213531
512578
770661
176121
435711
106030
177906
83436
814726
6463810
1040403
1499046
1758750
10
423660
7775596
566580
468996
298378
1219141
143380
27730
70500
232903
11042650
47895
548628
3760653
5582811
764466
1500778
395605
4105545
1309771
373680
2857245
1242676
9350650
138601
4763241
673380
3491403
3332071
5880735
107880
7595253
9212778
2139346
3901821
606651
123256
412686
3123750
325
563391
122265
1798356
3314025
2359878
1440753
5886
3727815
4308580
2211
48516
4085511
4119885
1109305
57291
2673828
9796951
125250
2816751
1910035
2816751
600060
1063611
3041811
757065
3563115
459361
2541385
3146286
11175
277140
2208151
3247426
2112540
1072380
4008696
185136
4134250
1880830
3475566
9180
37675
2548153
534061
513591
1309771
1792671
7081966
3777126
11781
1202025
1521640
3689686
2160081
6710616
4912545
8910531
1521640
258121
7974021
68265
839160
1016025
3890655
1205128
49770
915981
2840536
1383616
1714026
3173940
382375
1495585
7509750
436645
192510
456490
901153
5606226
832695
2269515
6666726
895791
9180
5377560
525825
176715
2145
283881
8918976
58996
2840536
4822065
4962825
13695
5629690
65341
9485190
4131375
3083886
543403
1348903
5292631
12090
5901330
60378
1825005
4003035
2797795
51040
207690
4329153
413595
1711
2214460
865270
174936
17020
4871881
2005003
5727420
3921400
198135
994755
359128
224785
607753
2346
4056976
1530375
412686
2648451
1412040
1846081
2582128
2065528
2286591
6773040
3662571
4317391
3711450
4637535
131841
3034416
796953
139128
3744216
105
2452005
2065528
109278
365085
244650
15051
4003035
12403
3324331
5243941
435711
159330
9467776
5519503
1139295
3646350
1610115
6467406
89676
3907410
4501500
7313400
3337236
245350
2456436
1413721
216153
3069003
253116
1610115
28680
1097421
6499815
2680770
181503
55611
1682695
1628110
2017036
778128
7910253
47586
1006071
3158841
8256
924120
552826
4056976
4915680
316410
1896378
1798356
1786995
3446625
1017451
113526
2854855
162735
1826916
403651
7490385
98790
604450
124750
1151403
4474536
9174186
3232153
576201
3441376
2346861
197506
795691
169071
1828828
1786995
2662278
138075
623286
366796
176715
606651
5717271
278631
7010640
6903
2611755
1225
2063496
339900
167331
10554715
2362051
861
602253
1216020
7533021
295296
535095
714610
962578
52650
1830741
3054156
91378
6342141
72390
54615
3000025
336610
203203
4477528
783126
2199753
3073960
980700
576201
570846
270480
162165
105570
1638955
266085
10785690
46971
926841
895791
692076
62128
185745
4183278
574056
656085
69751
1490401
98346
2210253
483636
3430890
845650
301476
45451
431985
1967136
2323090
21945
163306
2956096
8609175
177906
3148795
917335
6278196
476776
952890
253
2288730
1154440
1268028
3573801
2303731
46360
682696
579426
1577976
3635556
5420278
22578
360825
2231328
427350
2539131
11325
6655776
2795430
9572500
120
875826
212226
4831386
1342341
253116
820
113050
7021
19701
51360
3088855
237016
119316
630
1293636
158766
2857245
6615703
208981
6235746
2516646
1198926
7646005
3616705
743590
1324378
1428895
30135
31125
6655776
153735
1194285
314821
66430
24310
1081
548628
1679028
2340366
5276376
339900
138601
20301
1175811
302253
255970
220116
2878800
2258875
12403
198135
640146
119316
318003
224115
3191601
79401
548628
10748566
6622980
1640766
2814378
6424320
617716
903
1462905
1345620
7791378
155961
955653
1121253
6546771
6492606
9316
1304920
251695
110215
796953
2013021
542361
475800
3835065
3423036
68265
392055
2244021
1497315
752151
2476425
1428895
276396
2160081
4085511
147696
2883601
70500
5606226
845650
1263255
265356
5050
1324378
793170
2973141
61776
162735
1666225
98346
7359366
11335941
4220965
250278
57970
1370340
94830
6965778
323610
1208235
123753
120786
2755378
2124891
761995
5134410
249571
1405326
726615
39340
2106378
5619628
2557191
6271111
34191
442270
850860
2831010
578350
123256
2176741
1189653
2275911
5599531
757065
403651
1730730
266815
1004653
837865
7950078
3689686
667590
8001
10289916
12403
1815465
7447870
6786
422740
2013021
742371
2258875
21321
162165
1112286
3991725
389403
202566
11026
683865
6377806
1919820
4140003
1362075
658378
860016
877150
328455
4732426
1313010
7661655
53301
894453
73920
660675
5987530
97903
903840
1615503
1723296
2178828
717003
720600
2478651
1205128
109278
4950
205120
3547116
3766140
4850055
2743653
8195176
108811
7440153
1110795
166753
81003
631126
3570
7324878
687378
176715
2449791
3438753
1680861
2254626
675703
1067991
4680270
81810
46056
110685
2492028
4000206
7970028
2857245
170820
63190
3678828
347361
4065526
4753986
544446
1241100
4017195
172578
292995
176715
3486120
889111
499500
228826
380628
1971105
1953276
183921
2552670
4915680
2687721
7428585
3106278
2809635
186966
2871606
1142316
1690041
203841
1855701
998991
218130
64620
718201
4311516
97461
1648020
559153
7657741
43956
724206
75466
654940
56616
134940
1308153
2312325
356590
7982010
2394766
2785980
56616
29161
621055
5730805
1579753
2007006
1237951
5137615
2085903
1664400
1684530
129795
578350
4486510
3091341
37675
6612066
112101
649230
1601155
3655
848253
699153
89253
2100225
2715615
401856
6507028
223446
266815
930930
768180
179101
381501
5973696
1264845
207046
2199753
1004653
8243830
7059403
162735
8509875
1082656
869221
3640951
