135981
1710531
2104729
169261
278146
249861
133386
35245
1563136
1080320
843298
1276289
278185
269745
867486
405616
25085
91710
479094
352219
74691
941996
93460
19503
1193916
645043
163878
1173711
1980573
237231
601838
1007211
1764102
997049
1726538
228682
1001681
473851
596356
582284
228003
511449
83028
496561
250518
194376
193430
161577
303810
1485
1065882
1373024
1249243
465
849436
1226931
1256592
1037861
945269
485606
617110
1057301
291466
1017136
1219428
646188
867227
109477
1646171
1275687
284040
898680
656207
1576645
1574853
1051270
900973
1108201
14706
71637
288421
2926
1426361
31878
25425
1041294
1163806
308155
23653
1022182
1315775
1467400
1540
1753614
1046381
337782
544313
747338
203650
1111439
1262906
64114
36046
736567
500259
343771
223947
873505
78
717488
696128
460246
1632830
952045
130790
37675
735365
11175
727171
40755
1889001
1477017
362494
1938891
1544134
1585772
17161
1551993
29187
955151
610473
541885
1146533
147784
1039562
9730
203841
398346
1024436
620410
408048
1088818
717349
1814980
1565376
744809
433874
701138
1807653
145264
74936
781398
163108
1246640
1294573
1146341
750385
1465404
284635
3160
1654726
1176718
519313
1352003
18316
138601
1278491
946511
606806
141246
96248
340335
1053671
709428
1208964
476212
1109444
1159411
289941
78771
367017
983524
1783062
380682
640796
442381
2334022
698467
108123
901709
10011
1818716
900581
739696
1059068
24310
386021
1720594
1694121
159895
43660
358350
25651
1527444
89443
785882
291901
642607
41956
565729
22959
140239
360031
26796
1156
166753
723024
948469
916169
864100
110520
852238
238740
44253
392682
971036
466993
1452681
1903766
1525484
999994
1138214
1346879
52003
6903
937576
1294311
40186
1254737
1759632
299985
564929
371779
89237
814431
483851
176539
1314906
1157508
1160604
5995
11175
140781
572881
1015205
1025481
1345502
1225
1594191
598986
77815
222649
3240
1891
537698
9730
2026987
15225
692553
31957
1977706
753790
996611
1125764
726616
738634
80020
437436
751604
2293308
2072328
347024
132870
769870
447931
1798269
1059681
661545
100128
93096
69751
431985
169071
1308603
1361774
1477947
355260
627735
469091
24531
671016
72010
131006
1493184
115690
782960
1292071
1879146
560542
643579
757714
698909
1023533
2003145
1682235
3916
1573086
175738
990444
990
87990
193006
56280
495771
282405
1538986
57630
1575651
557534
1300652
195762
159330
275262
345513
538671
8128
331264
503741
386571
717622
48552
1111749
17766
15051
791704
98281
680213
1708025
241220
213189
11628
519249
1469639
341551
2278
1019183
1664842
1053651
37675
213856
76789
781532
152131
445096
899392
484656
2392081
580622
807037
314028
333237
1042691
794116
1950780
1957617
1335449
878931
55050
1061400
1297486
71253
1173146
651902
1195800
844244
380188
1094732
197661
188805
564931
11476
737970
1294764
475453
588576
1281491
151525
61425
1457462
250587
951791
254541
1074833
449485
934061
354867
382416
503580
829319
486876
1580762
126659
1575749
1001956
1028769
1919250
1387421
832792
1270691
1372998
118341
14196
563528
212926
1384881
1332981
688292
265665
11781
2059416
539445
1301926
276
31375
315745
887831
213714
26620
2500
122265
1279002
547037
78261
369370
355746
1742448
186966
97080
420771
1377837
169400
245662
72396
930604
17955
1058431
7750
247759
67528
6555
670387
994126
31096
847000
1026406
443211
327847
11628
1076286
1345109
1003856
428845
1394571
250869
519697
1729788
24310
928433
22621
107604
830326
214504
408215
333021
1309494
537322
567685
552106
213070
1661837
1152201
46665
332556
7140
379446
608581
1182581
312601
1382854
71253
1809474
597870
210925
228826
1902303
606784
982909
190186
1853191
138075
39060
215496
214810
358375
1590416
118828
62260
116403
731296
396825
4371
1226199
743457
716059
998734
318801
192331
1452903
133903
533512
349293
1230890
2048418
208981
2850
1454426
928341
62128
666372
135981
271281
329583
577206
1012291
1092996
371976
655626
1221936
234270
386521
25878
89230
1272404
1714450
3403
756974
290170
411046
51040
299146
480621
405772
9870
589933
350687
539715
583384
710467
1210212
1235223
554998
679205
965658
1017353
354588
62835
1101368
712937
1932154
164451
994456
1800948
2110566
1960674
10543
40470
7750
750361
60378
1843901
1015100
599500
395530
368894
10153
225961
970519
364119
689746
1346005
10153
464140
1651722
56280
195625
27534
1687271
4371
59340
253644
163878
739141
307927
848074
1583587
1547157
412701
569274
2027854
865111
1551306
8476
734344
1663701
271216
586587
193753
1879166
614149
919442
606591
2282073
65703
613612
8515
1012295
605639
799122
959452
965963
291
633522
1516356
61776
1604786
793918
998256
2031926
709933
411778
312445
291270
334569
553690
398278
1569848
549829
146350
359044
894034
655774
1940187
365928
1504338
554790
1394721
1076186
1267256
836053
541694
499818
455988
12403
248436
25878
1032618
1333
1672749
150426
80569
13203
967859
40702
1185919
21
772948
14706
30706
393361
390835
600224
362296
227475
14896
535054
1481656
1293497
47179
59340
399042
1156970
1469668
495849
228809
548704
632377
718708
774995
1086584
761995
1843486
1134226
17955
2821
341187
528
555080
588422
404184
195625
1020448
166132
1608586
460190
1691868
333376
992042
98346
163878
1404698
795620
6786
338113
953859
1207541
21321
1075737
523354
21115
36585
65128
1115965
1596
138976
81810
1525646
250084
1322621
955111
3160
831844
359979
1740105
1123132
199101
36046
1527520
1846201
761063
1045202
973967
252276
897430
149878
1940773
117029
190653
639066
39903
532389
1265600
69006
1497365
1125120
212159
2139081
158629
408751
380306
2185966
1220066
89355
299464
520262
376427
1245933
142845
89863
1792399
1207777
214672
446254
834416
32971
2224311
1755365
39621
597482
1194085
1928014
1244756
1051499
378
714450
339900
288420
272752
744313
1936276
998895
432090
1744954
177781
216790
1744799
1312676
471981
146502
269839
28203
1969496
1931628
11476
797407
1146156
1749255
335769
1850204
5356
597360
536647
1128
352663
1216786
625978
118111
266613
392055
241738
526321
1738706
325
158447
1056864
1937379
146125
2074717
111628
168865
804848
1121695
1434237
1138048
1322286
162700
1523466
1850207
25878
11935
611650
491406
6786
1069914
8001
38781
1691418
1167831
220768
437124
1383372
103483
2253609
268195
925813
12246
584744
244656
1522556
114941
763099
31125
517871
578208
7140
1131277
548673
123753
42855
1129109
574856
1154559
93528
162735
100128
521594
795068
383811
1499430
339901
847540
249691
1139611
83028
7626
356101
1060688
1150116
1052750
503427
114481
1520646
1088587
1558390
653164
532926
66111
370960
1442253
1180592
1102858
86551
528
32640
888601
16471
1303611
314264
1080001
12880
53673
301878
106282
18721
420531
48828
6786
1432310
90951
1065474
549123
1077695
599468
4753
701245
1452269
675500
349276
5356
762083
2239483
1289052
4465
161028
436384
178168
43861
298209
300700
1499190
205120
1473588
1155681
59685
51289
517773
1692671
153219
225456
1292718
517488
533577
1576318
2211
297970
977003
106206
719923
324481
357392
110685
79641
603766
36
182988
1378646
237181
168921
713140
1682246
88831
1365759
587079
94027
867331
19306
1674610
504088
56280
1429494
207046
144385
353788
1785076
12720
216210
700288
96141
49141
1654393
541853
969685
1410011
3321
909626
1265341
1394282
103285
755678
374761
381423
465753
10
5778
1077043
992281
632065
258121
537561
50046
500038
330078
97020
572232
803650
379396
315286
1747484
690169
32896
166753
1017268
473979
280041
1529774
2071566
646279
1175724
1403180
694190
570156
1001816
1718104
613781
425503
739456
3828
48205
34099
623251
1735897
3883
676477
22516
669661
784541
140185
207643
3321
230677
102422
1547900
844981
1431
27028
445096
1653
1265978
1077327
818104
273883
1008493
280494
1423561
88947
1441328
150401
819185
1029506
1902013
1205246
364695
824714
124750
184528
614026
1056113
232761
1219792
115301
1344918
805139
1331231
362342
585287
33153
1348281
1471481
33907
659290
1035736
218130
665338
1080102
507327
1590731
599143
1616098
820
232431
645341
560804
2082241
131841
3570
1040666
23005
75855
108811
1336826
729250
496128
1340346
458868
425837
1378587
828757
95181
473780
109278
15051
1858566
1526976
37401
1390473
75078
1592542
168916
658552
1099946
56280
604393
1966743
525612
1680422
688034
586426
94830
409761
1504454
718940
1660815
508467
2080
2030491
607887
884510
1367151
87571
350388
295296
222823
920438
1972065
43365
1128
771102
298701
2850
1437522
833745
1482681
1450190
166176
9316
2346
561499
1740150
175528
539706
858476
818301
1664631
122265
1370681
699931
787052
20874
321870
768306
859631
740749
28
146611
2926
420946
433603
944290
379240
219058
1869116
1319556
28
791571
1987482
576111
327058
573520
311430
511571
81406
780
772726
36
86320
527327
112101
122265
710632
1042106
658757
21736
514298
1955201
690008
136
2041066
7626
401680
56616
1461176
729289
85905
1870488
2058170
471530
1051361
444682
1381298
670291
79591
343300
1891915
1514641
1381431
869224
463156
1801661
15
1228241
41331
1277879
551231
22366
375411
768313
888376
974442
1041196
740942
825517
261771
1113458
494716
1072952
2487569
1595136
1148940
2192137
1080031
573238
1150430
57387
531364
13695
1150304
142389
482983
427763
442501
1620531
1050328
469435
1635949
1142126
333952
724166
1620502
84666
45528
139845
166543
1045330
317760
909890
871061
1157606
987806
628981
31375
1859176
1255596
1133831
39903
1062867
946031
100725
670145
452595
536266
148785
590827
6786
25899
398388
1498853
665444
427062
1099906
71883
168490
1437776
1413768
173166
474936
462990
1444095
163306
1145120
292714
1482251
229503
979391
844952
33748
1214255
1378458
388702
606386
1600645
14196
693037
1939617
1972525
1450010
163878
41905
369603
75511
635365
47895
281217
1805880
1345470
505837
682399
1308576
88410
143380
862495
1070625
958630
470938
559056
276
1855713
86320
1213295
679309
5356
1360953
20100
399496
714913
600750
380628
66706
12403
1725929
366685
1561157
2006811
2181636
300953
175237
592561
421854
587798
53503
1629329
134421
1484031
1450739
732997
715121
1561916
1320465
457404
67161
16836
28203
17578
140325
5995
1161972
1128
712691
190036
943276
1236231
17955
364606
656056
1515580
3486
589570
741593
127260
523596
310006
390880
1781836
172578
13366
904865
870953
481518
499934
460411
90831
856978
1163406
1310133
456
730923
1684246
905071
555934
12720
452180
1344099
223437
21528
2174398
1544038
535231
1237466
1297709
115885
166753
315168
56953
1158926
862824
170373
515397
774362
692101
1156288
1432161
1708746
1275758
491169
628718
184800
17800
668077
461653
3828
146743
1216622
1215857
3931
457116
775128
236748
1292927
11628
217314
202251
506464
1823053
606945
860986
52717
94042
115804
1230978
357624
458431
1378
690416
28203
1094519
183315
283081
52003
477156
51681
523621
33868
1195152
95517
283881
107794
530421
6786
45126
66125
261003
897836
1640756
698859
1963560
60356
75466
555419
1563396
516688
101068
1841911
316851
2259338
282450
136486
314226
59821
203203
138249
728080
227599
663621
765656
733942
20100
1087546
44253
8385
1224289
1170440
360364
1142043
403381
368596
1638812
120028
9830
1874779
1348211
276
2003338
230406
528685
4465
19306
1275
28920
995716
1735558
1162255
485633
679301
274911
1049913
8515
286310
1189399
1427636
534341
50721
287475
114003
1726962
719618
72362
1036037
336175
607441
274236
314001
880753
157080
312091
591502
536447
589936
1036106
1448931
1
17766
849353
6555
823876
453537
171991
12403
775586
428672
57319
460324
182217
39903
357972
407098
1709305
794906
1614230
1558756
364861
454009
315132
177310
175528
276576
976378
148785
1510596
1249609
1032216
12720
182106
790637
364246
596892
1258231
1422281
762985
296058
2010732
457391
1279392
180901
1590627
1846365
1017201
628560
301189
2746
602049
515860
1367466
265126
1557585
167394
329266
780097
361676
1872504
930701
9870
966605
1631570
101580
2926
1025096
1425974
1663909
147708
210
677413
140715
224876
863542
870146
30196
1334127
2269275
42486
889090
575806
580360
2279589
124611
3160
679505
201611
1887811
668864
96580
77897
50403
16110
1471673
1128
142968
654856
55278
1410156
179700
1034456
1097117
30135
1044098
21321
1205126
1664807
54615
78210
419826
216811
29890
21528
351714
587395
1485984
125622
801055
37911
17205
384006
298759
221032
809431
970048
300867
1633675
43365
363215
1181340
37401
374346
621257
516611
256302
119805
572062
1191486
52650
946
657246
247906
378820
66357
26016
2775
34980
1758099
454857
1440065
1110959
358381
17391
47940
33930
754790
17391
1814998
1448156
1297563
567511
1924241
1540094
62835
1003171
727104
24753
624597
1850062
58144
588592
1007792
1383936
2278
768394
1270221
105570
1024711
269100
1348425
12880
579095
1597249
572887
107880
383250
1053541
849361
1617142
737997
251020
1058519
1107651
159076
216153
1119600
28920
583213
280699
439125
620895
2485
475608
780
717962
894227
133477
536074
1518299
47103
620120
990
502261
1326
158106
968785
19110
54946
1765284
20706
632518
162966
168964
1445142
224785
418425
108811
31906
22366
977447
978376
11026
307960
480273
540138
320503
56280
5995
71631
98008
121673
1150332
230896
34716
832835
674697
1342043
1382178
139656
651713
601421
168490
1597689
801469
700417
194629
758605
531076
52326
1734419
371281
58324
1002338
672571
82459
1357659
1112036
875914
491169
378885
1286697
966991
866579
559345
81724
1102466
552556
460901
1018840
502666
1779348
4560
2556
375963
967085
527225
557054
324223
3741
4851
46665
726210
1047361
81810
1147861
996856
915803
319236
294183
32646
139401
310734
1515447
162201
576835
636371
662346
245945
1901497
1837034
1536093
1111467
13300
685906
1227598
359571
777153
141246
719061
809309
171096
90525
1098811
563488
761781
115006
773032
114747
849370
289521
256395
1136433
2067638
772585
768506
722560
472124
81406
770007
89638
910868
1366002
1095567
1778329
1951380
391446
128271
1285256
542710
1156275
3403
101803
841600
966206
299106
658246
300546
337899
547810
1398901
281526
4851
43956
1047455
171892
785411
165025
1889370
1514601
157126
1782466
3783
1565899
505008
430420
56280
482961
195653
70125
1550121
71824
32032
45150
1400402
1966608
1243661
31005
1779385
1386219
477355
84972
433114
880621
230483
41089
975451
18721
1204581
726574
507287
42778
931701
17020
179706
444258
174345
100128
241936
268482
560234
1505279
1020909
1712160
122542
1025784
534541
563321
663601
840416
51040
5565
158203
34446
990476
29614
13861
1518892
520855
1211675
1056311
901484
1433637
657545
1058971
555792
209220
46675
461919
78210
52003
4186
906284
111628
63190
1231366
1022452
1135794
741784
26106
611733
853012
11476
607209
677754
540212
5671
217702
736786
949453
1293951
5778
637281
871301
1582960
269656
3
524722
2143257
1050008
914012
1029119
745625
264628
1634906
927487
51360
1348769
695249
146476
685064
310078
5460
427713
854612
1604946
2042088
141540
1533631
196888
18145
1766956
212104
215944
1785396
1030493
186970
169381
85219
1103676
1857150
34716
990
659492
631126
1069181
1452051
58996
258360
427843
1107941
536221
1102025
1105663
1203066
2087884
717031
212977
171405
244056
1145456
1007926
1157741
1688477
190
862406
1532659
1395614
1041321
344148
1067946
658346
23566
105667
165427
764437
378780
1377524
977288
1709033
561066
1086717
1587046
261066
1273084
233397
739423
234937
119421
641900
16290
1303473
63903
269961
1496646
797207
1458066
1009031
325
265876
911513
28920
841031
42778
307041
1186320
1130710
1926950
54643
1840218
1670760
750251
1813884
199468
152091
1047855
1005773
171
732848
1458202
341417
465
817118
375797
50403
696446
304321
468749
1193214
80676
2321517
48205
228150
407297
77035
749485
66
1048406
183553
1742478
479671
438516
722982
892991
423772
1105133
331402
1260106
133792
397125
359976
140715
100096
325305
660500
381637
1770
672857
1449083
441682
299151
489901
735328
412815
11175
787928
23436
19110
391692
1489248
1139756
1014229
450775
1702623
71939
19847
445965
1099604
260406
24753
1648255
847429
1715276
535221
1226592
782671
397761
1066663
336610
568652
528934
93096
1462401
1127939
4095
550431
1033301
930163
163306
107766
1488197
1355731
1137767
539966
317076
529800
281625
1162511
171
908183
152971
1056716
1124201
555646
254226
20503
1491281
629723
247456
2029456
391736
1641324
1257159
284109
205120
50403
4095
630484
667501
899084
1540465
166176
72561
1168133
640731
554617
111150
455206
14430
2014320
673366
148171
1540
556698
87990
688093
2144343
1019694
135976
70489
1708952
1543588
487339
638761
67528
2278
266085
19306
764078
1198791
2234246
10731
113376
744799
69751
973990
1113596
632395
37128
639220
189046
508822
2038973
260302
906103
405450
1507948
557008
76951
107416
224550
865876
66
49141
321751
19900
922450
130816
142845
557753
122996
52660
13041
517306
245331
44032
752467
1131416
1468419
594681
812710
1071471
2025285
1380
321201
13530
345900
8001
1014927
12238
1544801
58996
520663
132870
404499
705851
643386
752901
903828
193176
165791
1362676
355890
1212156
847235
585331
720181
579192
943205
1317239
1104145
386760
10878
424336
1901956
525191
363282
141778
1601716
510041
503009
863909
109351
1449386
304355
98346
196212
347834
524286
1580925
111156
492970
34980
6441
1797110
1516535
1360381
99235
100640
870186
599608
48511
22791
306936
1211217
563500
980346
121930
392070
103810
1238141
760521
1103027
1641838
588939
1283703
140251
452286
1253811
985910
468028
306936
87153
540104
817468
31311
716166
14535
488260
5356
702257
777025
105424
646041
516796
46665
697484
1328940
7706
559568
43537
1953330
634129
93528
408907
25651
1269666
898204
5151
32131
61425
8515
101013
449836
470196
506918
1046425
209036
508003
1595343
729701
559477
123763
165025
2153076
514915
971155
60858
21528
1590961
1974433
250953
560001
762195
122385
1041272
142418
206364
2346
1591034
69378
839842
80200
79986
1957138
1239981
584301
303909
1508180
1429166
1924176
79003
1145615
2196381
8911
406028
630
603381
745240
1249731
947638
192
210
338701
12720
1201375
531300
859663
405976
498161
73561
775033
380205
291561
771958
5671
1380133
596372
935185
1320557
430192
154846
1148206
27495
1490001
580736
2163106
670886
510544
1780304
1380416
1036045
1089553
784940
530832
198135
321790
152718
1450535
1408740
63400
171
1021846
603392
284437
61974
380134
1169806
48205
57970
764812
1160391
469926
307471
603796
325010
2016
45753
75078
1384141
992426
813899
1487531
662068
1500020
1324656
2307039
656566
1626715
820
180136
864856
911854
1451646
78
921826
1203891
290326
1634936
769477
1207090
754594
1320935
1839861
46510
1071164
17849
1434623
1322955
1259446
158404
542686
1239546
637320
1371705
656581
504403
153
717163
412356
62481
1351892
64980
682336
1779556
1516776
220116
528247
57786
743340
372943
45411
760737
782708
819473
1662021
2039508
413750
1373588
4950
93201
1406196
728391
25878
1059596
14878
351731
111826
1753277
126253
621986
11628
335661
274926
835969
1255601
4465
196728
748754
1365021
423931
327532
23816
502256
378461
1688487
162196
681472
649214
9730
1110444
1824166
583265
750830
2063176
8778
448711
1262771
803281
1781619
818440
563350
889874
63699
661476
1017617
1290344
653981
1237271
378060
1012116
749815
216153
791578
18721
120786
115921
252020
657696
1989961
186871
57970
819034
374455
640110
1468208
137665
289180
1394217
1119086
233586
1258487
1746231
443976
1666291
723286
592406
346692
595331
667765
1597023
12246
150975
1600617
707360
1238945
2182788
105
50721
614131
800751
969916
98346
1492856
18721
1935761
253821
1657320
603736
1031986
660919
979882
6328
808004
217536
359131
1054021
1403891
1300524
659467
1222242
1775818
436923
310957
568406
197683
1242446
976366
101926
1425659
735367
647100
1180890
1976563
1585613
61075
488344
1804111
1840807
423870
1334102
1183601
276
895388
137550
44551
36046
1070180
2187412
1297486
142311
82621
1225450
204781
878221
894226
405213
223881
230181
116385
514703
1086147
1483958
834794
42195
1747731
19701
1066050
2372792
1422634
913325
204316
1872317
1770481
1060541
1235287
244212
180238
496
1315230
775327
672662
6
800392
2092126
593093
701680
1113261
976199
1347993
1287967
1576422
36205
1338567
1592457
22155
9180
578166
1358576
1519696
543441
1315364
207280
78003
1512441
959576
1695248
43071
96756
58311
1135997
28500
484999
381751
120044
864867
561
650437
631222
149473
67698
258489
243951
585796
555174
116781
1211611
1602056
1190226
783031
500061
527756
641962
646506
702751
1516931
1017853
1455408
133591
903557
2019360
535956
821809
1297739
976076
164473
1692132
864219
1026747
2075418
519085
990
173477
604677
610632
121278
186111
1891
84282
340157
790106
241375
1056729
399181
1778491
431622
812792
1076737
18528
500841
562041
850543
13203
25878
503317
1629870
9591
2066431
293989
1203959
361530
1584083
549087
560906
851599
18915
595676
330541
67853
2091390
999795
73531
145559
4753
3486
1002960
566283
1666874
1556010
1458461
422131
1614201
524922
46971
6786
258894
1906486
244308
46482
132379
250278
1178841
129795
1142555
931699
1755042
149995
872789
1117339
325
449203
1469985
60726
203206
820371
17766
716706
281702
485533
421931
3
139646
590524
407000
563955
1345086
126253
740098
186355
423076
1770215
652931
21543
742617
1823542
1633421
2112309
768322
94395
1317388
791450
142600
24531
863235
1688672
6328
1140867
124744
452454
183076
704420
50721
1560113
35245
84406
680079
53956
275550
187211
337876
316306
578721
1334531
72010
793142
780
192546
2850
57291
6
1112556
835284
1099091
1924191
344865
553101
903594
743261
983107
1070546
25663
1397959
867212
958156
1083239
2069533
758995
215581
1749051
1920731
1562259
126577
6670
1815502
1500590
44551
450354
1232072
110215
945837
95946
719427
1583578
1198781
1166498
1885075
119095
414172
1146536
6670
559397
1042701
2080
152628
1218019
104779
307042
421373
792407
1342721
252405
1369815
636299
13530
2701
258544
367269
763741
651001
2311701
399762
723026
879130
1528201
76206
120295
171
1202799
844140
674445
767981
946324
436798
1032222
237370
521422
40039
470556
1101902
2015652
1213076
809956
354316
331011
812939
14535
601225
514920
431985
443676
81810
39903
1210689
637081
1777896
591724
28920
656638
1236906
206403
17205
2123772
678682
1431616
243201
286656
23220
815641
710481
624035
952603
89253
990552
307042
1401624
628072
276
1195249
179718
43157
50086
77191
163244
587231
242418
1064223
879956
2279731
75078
1967667
30876
1978125
112279
557188
594647
1892880
107416
52003
733526
526443
9810
453903
875398
620726
1859953
780035
2328498
11175
500529
525629
289200
1776402
507411
92081
1037598
123813
332520
928351
170419
730321
43660
6328
103740
208923
994579
585007
168490
1336181
226138
526399
557047
416398
43365
1720860
237706
62721
387867
142311
136767
279378
1037010
41616
190173
270526
222111
845570
1539257
365940
261425
1513583
771368
1113631
1307893
426156
1183000
554264
750031
155070
290533
1478646
641500
1591168
1003324
566631
1829793
1082285
955353
275319
1467560
1367122
760442
60726
179538
71253
1870641
858028
1377375
1733092
671677
160461
1437737
1866733
2092156
393721
311364
1456220
522866
60031
573734
993313
357489
147233
891581
33901
212509
410365
360790
1214721
79003
883166
470952
6786
615301
1581145
624421
604631
785401
1725327
1269363
539885
1521345
956407
555823
1130012
1188701
662691
1664937
258826
1584167
190653
292230
1110438
184386
287776
861
79401
3310
76710
273430
909331
105
119316
15400
1609635
1768986
502546
893892
254198
684530
139376
705729
815187
889716
1194834
736016
734981
525373
61776
117585
308773
1485740
943436
841381
1944111
1057982
653300
1453706
498810
154290
465923
875494
901306
827654
815186
186969
2279185
156712
873526
1607571
323910
1571304
1312306
59340
867125
39031
68487
590009
743460
1940458
47895
1266169
691373
94830
224785
990110
57048
872768
560641
196251
178503
527673
137866
1133342
829180
171
103044
411219
712406
10951
893594
41328
862438
213087
633524
166455
963272
3003
276
36585
1514121
1621113
23380
1627212
5253
78841
605233
658488
1352984
56953
9870
1076198
1271176
1081980
1286435
1046045
104481
781463
535016
757705
780006
1317410
64620
58834
65703
307041
641111
300976
1818856
1504905
1545550
175735
424559
1639086
737422
396711
506398
916516
920431
477357
104196
696866
991931
18336
175539
173755
55926
177934
861013
159330
148785
1669982
1194141
1553654
1671504
585922
1133677
83684
1189934
2701
900812
233586
511256
1816861
54061
6441
3
512061
977032
1284972
1866585
49799
310431
809506
1176969
13203
1760521
448692
53373
280216
1820416
285968
6903
436969
106861
14365
531587
424686
697459
326028
347088
1358564
782823
414911
293481
75078
496
667761
774664
569418
550046
1281498
806718
1660166
153247
6555
2172172
2075061
551861
2366213
945793
360285
51681
34699
61776
317685
1667184
518508
895414
342651
984749
757684
152232
10011
47278
1585158
368887
922975
351345
357711
1044911
276945
591374
506059
560701
537076
1120769
54615
164446
1015401
798457
420567
70081
2229441
1359714
1286706
837671
682909
18952
22155
62007
7140
5151
1010081
237705
218947
993207
1654167
190653
502320
47845
292771
682902
209628
75169
1058291
109746
22731
505393
2111817
348157
488621
180411
11628
4966
1198845
1144156
281625
612511
388558
1633876
3570
1275631
1098499
216811
1007356
533756
246051
157158
1193231
1721721
1196306
270411
565526
13041
664433
151525
840857
2352778
1995255
652116
616423
449656
30628
264489
918073
2628
1186634
1985099
300
108345
471331
1933201
1045031
387106
402081
217449
435
781628
1381513
1356644
219543
136956
56616
31626
1005020
63868
1172336
773661
1781175
173202
1536818
68137
1595861
801751
1564481
249501
370170
86736
1712363
1672849
908582
13861
799894
1249595
1028931
700406
687460
1688791
279246
350172
40951
954237
1597866
155409
1684533
978523
558770
261726
528259
273432
47586
1141161
95704
2184287
248866
232303
266671
458406
912625
218130
466186
6441
1631106
323844
1449587
506510
194187
1304961
157719
5460
1157446
563781
845606
29347
1845759
595542
655093
1540689
1574346
18291
763576
93589
376306
710908
80191
338041
740483
186298
1544053
402334
415605
872285
903655
1007681
20910
1915657
1232399
858369
4753
2211
1523839
1563682
1160340
33930
520391
1937809
820075
440865
85905
282909
951329
1577146
153735
110589
30135
10731
4950
1069950
1253558
121771
989666
112465
1466406
184528
44253
334879
1143760
1502610
129286
137799
1378
632041
996544
1015472
349161
1907646
6328
317131
1396730
1901481
2200251
890032
1198928
1316526
1045381
337221
1768076
629146
40186
1121190
796721
1171400
474608
1784282
1193171
382375
1719423
625334
373680
1577127
610262
163956
32896
2014331
849776
162591
1694056
145530
105
331551
836256
749668
1278842
1182163
98322
472296
1717160
69874
167829
1441104
41328
573332
837795
318801
228391
601756
1378
68902
824126
548531
1328512
940202
796394
487906
484414
696752
58996
7503
1565216
1039207
1988098
1711276
625550
77788
44551
367623
215559
153
1037325
946669
1306233
1934881
21115
1271472
1392302
1013158
25425
214840
709221
129853
1087835
761546
1020361
288742
364161
223356
10296
753985
1098980
1106760
12393
722946
146611
174723
1824441
1089455
574031
209342
689920
1126328
616931
1222893
37401
2045805
380164
242556
274956
300850
31626
1080821
2068884
1567022
73749
1136426
9906
165538
61116
2321431
1460462
139128
896824
950602
165841
636106
1311171
29161
128328
207256
170388
1552008
1246296
85239
1080585
773579
1015181
80200
109746
331188
186966
1264175
830105
659936
541228
590580
1635756
173166
52003
61425
115803
138601
410470
713909
409215
43660
173755
576460
83436
255322
2052651
739508
117351
1109648
493761
1080893
1178352
320967
95703
879178
121116
15931
780431
1188392
1445868
421821
6555
160954
735406
2085591
1902882
770909
876434
527888
999826
75855
1516077
511407
793419
248865
1732672
718234
81003
704571
1567356
1605191
689332
2346
1105800
251260
1359924
1451661
931654
39060
745160
293761
321742
1872625
56566
482647
799211
1711384
80376
703
277596
1725385
88920
21786
678027
1839165
1037431
567338
31125
2363946
210576
444343
507256
1197536
1090183
894452
150985
305407
467371
857119
286089
8515
1292931
104653
1067291
806466
1868134
595
237868
628126
525686
948763
187656
438640
625403
914189
589257
588396
1222074
298252
630776
64620
1965306
186571
34121
615110
243571
206668
654256
1228496
55611
1448931
987508
887926
331725
620998
1571674
1348263
890618
98346
798356
1758370
853313
230860
406761
880166
829645
1664410
1910164
1356300
518381
273430
18531
92665
328455
665886
1832653
1432976
38226
239806
57291
5460
374681
76968
370401
687896
182106
4206
14569
1530270
254541
246142
222601
220780
461356
1108785
677156
1192146
122265
1052313
37675
1446071
542705
655801
908807
855991
244539
1099562
388437
383041
577257
659668
1248176
962441
76114
891521
952401
110205
666651
436291
95703
482863
1617784
1216511
328510
1142682
1540
82215
1309010
1193052
358360
193753
1042475
274026
1071347
336940
894621
937641
682608
219108
59776
608426
273456
2001481
499072
317292
1737835
833651
453495
1872937
1219691
246750
745754
1507015
11026
2187777
1228531
431910
1019118
450331
433671
38781
627867
1386101
93096
604816
651779
1326
845911
198765
1527144
1200326
1037092
227929
371437
225243
692475
9180
350739
508119
1000559
515565
8385
1685665
528271
1080381
30135
596231
68798
1683495
97461
1756678
182989
687905
2011300
169653
309316
1836549
355537
535336
1334729
1813251
115921
167910
1172472
291753
922574
1132506
124251
518952
1040951
712356
2159151
1758051
1865451
1242741
660477
800283
1235336
342930
1057631
317412
1128
191521
2344206
1038612
1760871
164905
1036156
530436
192276
31125
114916
1373576
632371
171991
552746
136503
1228560
757417
899909
494878
1643270
326563
666226
1175575
44551
11935
231540
1298189
13803
206052
1411908
1789161
984356
1478574
132355
815248
893951
1101
1669156
236470
330626
1737752
71631
742800
1098646
266085
643881
542336
1360135
888001
1035
135981
192510
1356774
638735
1011650
31626
750701
575131
1109700
1518377
614031
1282386
45753
1276226
17391
9316
1720147
218680
415762
34211
1426419
1735009
56280
33086
55611
1756251
2205238
330078
1055286
1242632
44551
659527
124251
4371
795535
1233417
256599
59214
952666
1130636
113046
1611917
760202
494706
79800
125691
4753
99774
106491
44253
452608
110664
1567374
36673
9156
2191881
448822
250261
998035
881549
1530481
1481232
678391
1590100
1142144
1361916
537415
541831
364807
92491
1572303
363378
784456
23005
800551
882793
1056913
715408
446296
248590
214840
136136
1294832
199491
129667
1710146
323695
996191
1365450
810111
148785
1914076
165669
783433
195653
701409
10153
61198
556061
1052068
517791
542818
173614
1623471
300700
58548
2068009
1711844
1419713
184341
1864501
693995
495106
821915
1485
115921
4851
523856
841582
98790
1500944
1093304
584431
1302066
1218486
418821
266114
8911
1661281
208141
362853
4753
820372
979171
24976
284946
658877
161056
992161
138622
123808
1951666
748484
2221107
109746
129286
311119
1079978
1505051
49455
209628
1531599
1732086
267856
474541
94423
266815
415587
207965
1626188
680144
1783884
2080
1164933
341853
409070
1405845
406419
581496
686844
274987
107127
7875
1156114
1288200
314940
199465
1562756
1777496
249999
41041
195625
49770
200028
1032559
1170626
20706
735441
900565
28920
1711
13332
1621956
506928
753652
452791
419131
31375
916948
1303659
641186
754589
152628
575947
126253
24090
1062830
1266534
331705
912898
1322346
667470
623946
259638
243531
469476
34521
104556
1558267
38226
550298
402153
1181068
745712
22366
128307
522168
235476
740114
446235
501661
79636
221656
1310683
320818
6328
1046490
1340142
622667
496912
1998102
6670
101551
2121043
479326
1132555
2101606
369210
961491
696721
1120777
1747120
1653936
1787360
879605
1165598
67161
774416
51230
1679115
49689
3916
667869
940657
68265
541213
498863
1959701
976976
8001
452421
75949
1136463
1154663
665317
288936
456346
288745
1256776
1223994
432261
1039826
513936
55005
200124
44850
828878
1236776
450151
10
421215
1163012
72390
2701
1638060
186460
771374
1016129
1447177
28527
36046
1308765
1078450
22593
456177
1138558
1248053
314776
955679
532063
3486
714221
1859653
494434
349128
195196
1531641
537698
244108
67641
8385
650136
1035
36651
857371
710986
1208616
406357
154843
1844262
406
729786
191191
534076
1975684
147385
631725
583773
437593
175125
210634
2005255
17205
563401
360828
956028
125751
1595038
609405
326379
995088
549496
23373
620647
1038092
245353
317190
632531
1919641
92864
240716
1503855
17917
1137072
38457
14535
1457357
236328
907016
216660
1814207
1842319
1764636
294626
836102
615456
1646343
788986
1354209
443269
802588
832156
1314281
773243
562382
142078
222988
1086257
603766
390253
545996
336456
14196
693131
1383538
107017
189886
94830
570585
893577
806995
1596
102378
561271
29970
386760
1579808
243951
185745
1639064
398540
587911
1461231
1476229
14196
58311
881509
640894
277392
1521377
516454
1683919
36315
30381
288996
2775
84031
843221
1506897
95236
941101
322071
75466
266491
1630787
1179136
1169868
1695696
34876
326836
1391331
587668
1537116
692391
483031
419406
1340678
1275360
460806
108956
180442
1204231
942148
765645
37675
706065
1554162
3916
65703
51198
11836
1134978
1302322
1172983
695183
1008580
683400
834022
320401
2201304
1454313
903
452628
338568
1236294
114333
248160
306153
17955
82765
814229
442119
439770
757186
598986
245350
1512904
1067889
1063778
427988
957094
697426
923826
925058
89715
1158681
46971
156706
966098
175408
719425
75078
1336076
178066
907841
623435
428406
908692
190626
1755181
1091376
521921
664766
1424567
300576
19306
31871
39620
242187
1629106
1753571
116886
557746
746299
9870
3486
321138
1267719
74715
90525
379109
46056
1016206
1939287
712378
104196
1762512
1229426
739371
126771
1295384
250278
299151
1080411
540421
1468453
3160
1419448
1439637
207046
249204
777926
606511
730648
246586
315277
1631972
563235
1252409
731415
70125
400960
617074
467061
915364
1402812
1255036
1927321
715808
590425
423450
139989
55278
252046
843546
1475590
118341
655132
221245
1252931
39265
1187560
5253
434778
116847
1515601
1323494
1599426
583535
573948
27730
1009219
402933
7260
1110556
1712029
1084611
154456
1931967
275141
1265005
664156
1740867
1429733
1098224
1414115
460761
321720
129340
1463576
695800
251111
543356
75876
74691
114960
183589
366796
24531
630
642656
1103085
671336
196144
3321
360129
1016763
44425
1943956
178706
900736
1358232
1263329
681550
159106
20503
419782
962041
1129806
171
1697767
1879221
699241
1414376
21
1614486
1974406
1152407
369442
1064479
1858164
210396
1847305
620956
606440
225150
652931
7260
548780
489601
50086
1072231
137026
430431
1006243
1150909
1180818
1296872
1718707
488541
1562262
247456
820
889262
16836
365226
391323
245603
313671
607620
741553
1825089
1214306
23131
1241576
113716
127807
1004564
137026
763099
484992
688502
1040041
2482606
153884
481405
70876
488567
256321
296038
534211
1000085
351547
595
128130
724024
467418
9730
579107
4278
329050
688673
1120332
3916
472978
30381
340083
2037378
8707
1946948
1121105
653695
935251
2067835
1402097
345849
104653
39340
611142
1712155
263281
273430
1865734
558721
1388267
156484
32131
1310863
1472976
23653
169659
30876
499561
55611
916657
2186761
1115975
276
655834
1091132
920689
826511
27261
344701
105349
1399233
60378
1059087
1066054
26390
477109
1844298
1318221
642061
41905
1018136
692740
341656
174936
1459413
455791
1069456
313236
1216061
1345815
1954993
1336329
1309288
512882
1365506
740018
886160
1176221
18528
61719
575427
2018282
203856
3366
1706016
332520
1216316
1865319
1120681
155403
5886
1239839
1653870
289446
10
53201
696325
450006
1910406
332608
569473
5356
10153
705877
236053
1015716
1596
1692069
46677
780
27730
335644
1382906
850404
616814
1155401
676831
946
1609188
241165
919569
541375
33153
562979
1845616
974604
946730
624529
1760046
4950
36856
387939
551924
908624
9730
79108
505345
58075
886967
108811
766452
10440
113784
1858119
870016
192710
826606
170545
28920
77421
1560995
1413306
108345
27462
136698
942326
292583
353002
660391
635746
331705
831706
776881
240621
1084224
1001717
1655170
1160336
665850
12246
241693
387640
669731
142311
874588
985933
1559840
1226501
1428716
184785
652717
930836
37950
276786
766756
394957
264358
22791
419722
286903
1690495
490221
2100855
504549
8646
367751
924836
530094
14535
364231
1782196
13203
1398464
41041
1051844
311655
182412
848623
150426
561929
69378
1107691
61776
12090
127114
380838
3916
253945
454617
1132245
342391
353355
1415781
1727013
952172
511381
768964
944966
53316
88831
1749991
477366
1686826
463396
703419
20706
23871
1974858
344515
595670
362090
52807
865335
32385
707393
160436
1039100
1128
626681
640006
611065
109531
367941
710396
199154
973699
735205
1051908
1480882
1525429
1083011
671097
58263
484924
1820353
2415
296373
2035368
1540518
444541
1458218
798241
1484230
967459
1010257
405763
1678075
835761
1511691
15051
1165621
1344147
879530
811916
406
1349975
1371905
1301766
186264
269011
49141
12090
141682
1275
1799071
1106024
178275
607861
262473
234348
1092158
996312
632
781981
234955
778337
439885
632044
509091
200896
10296
366666
605269
1281161
744292
122268
372513
704981
125751
1345984
621229
3081
330178
28920
1702110
455601
1644044
2002374
1954993
1662507
1619360
1768486
425736
323563
1618671
1360659
970193
1565260
402753
652791
1335466
1135942
440048
69631
775021
1847156
185097
1312590
1393956
340317
24310
478050
1677199
10492
1108099
595468
476284
362526
1520977
10878
557207
865505
1508965
180901
841997
14749
175732
739462
1333931
954791
1759309
604947
811623
1274476
838924
703873
540590
210408
300178
522455
529388
68635
9045
235564
411909
54000
225786
1769428
2102869
840113
474012
202566
13861
1266971
849740
1173258
315615
819770
1435206
1324893
547600
1002483
87996
713356
868456
1627291
545425
415296
543321
488581
56280
965037
73536
774211
91378
1214906
1564668
101025
307720
902783
675908
1008264
898491
1219065
131781
499230
587733
646394
14641
729191
589995
59685
446176
926788
392823
485352
952660
100576
446956
83031
739127
123256
731941
698792
1378147
1310422
1940115
1991768
57970
172296
406
322461
278331
468952
995933
1778241
670802
907325
420171
71631
190
1466166
28561
489447
1546661
66430
475177
315976
881945
2850
527132
35281
406638
216981
706521
153823
3570
783331
898156
591605
354621
1256950
589306
329266
990
1459709
76482
818171
1803032
149407
594301
227475
997550
1076938
298209
188884
44850
1640580
512404
1992073
42195
63190
672816
48205
768781
3160
1764181
212299
90951
1032746
114003
157641
784326
4851
152026
45679
1866760
1205544
738091
643045
39621
207411
820438
1003031
1433453
546592
1732636
94755
107880
1266356
773273
656956
1692408
166753
340981
32640
786184
352200
256395
519576
171
68578
1081
1099037
1226110
941693
754149
1283901
1837543
744383
634241
785159
911906
1150844
17151
216133
1567908
1161812
551155
1576364
153871
72
157312
344035
162982
13861
941714
1184231
169778
161322
1834900
355432
1072808
491967
518766
484641
667580
991279
1021920
290703
275296
273697
634188
501686
87166
40755
25200
49524
944600
102831
838441
1031424
211250
621292
5151
1226150
172991
1775904
609850
1187016
109278
1951939
80601
635274
581016
2238324
15753
339574
502837
236676
600419
682625
1553161
211416
620701
457841
501214
429579
1102126
257607
112575
182106
2192086
1328871
205761
167796
273570
270480
458685
1920
723332
941406
1093528
1711
422641
359671
773326
182694
419070
1093436
608716
1223222
628336
374091
634993
1560086
1327127
57970
10440
7311
559839
1653939
1280821
197506
21528
1750741
628456
1344469
466481
3321
36046
1269641
456851
425547
478099
435549
740613
669451
580906
1639238
20301
1054789
733802
370960
1469804
152709
642877
472717
1072578
207943
1596
1575882
2161848
1746270
812199
199075
848951
1598193
253915
626061
265446
1870786
816781
1031822
1098971
500529
1287859
801191
885856
749464
1917411
1194827
70345
17020
255354
378328
168993
780
40214
2850
472236
2775
1096031
1863113
526287
1824726
3160
205761
167331
1526736
323341
237415
614874
803586
1340346
1056688
132870
500601
856216
5356
944526
1308936
8515
672056
926813
882911
774883
1888736
1209041
68635
986376
121771
500166
291384
732871
258972
20910
2198914
136308
638823
824393
42046
1536900
158376
677251
744591
796963
1100388
441256
1493166
1423939
247561
48982
1160940
40470
93096
236338
623773
1285312
536439
1794808
11175
226087
2104413
606442
556126
40186
1452216
1229358
641925
1024277
65341
114607
59185
966256
1878321
901358
251461
1555527
917941
1334423
1476666
595
186880
990066
473241
1813191
22791
618158
266866
1093000
1136618
465086
401941
66720
105111
388761
1556786
1891
55667
435022
512879
27028
181503
89676
1269278
1553790
444250
1356971
1338672
358281
505852
3081
14365
344
915015
325029
387640
623281
1465614
65703
1460165
20503
420363
185745
7626
1025181
79003
35724
55199
1487828
181938
462412
1108906
571306
1677606
753571
1330302
250986
1703107
1348496
32640
628936
1108694
397464
36723
120616
265875
663306
701516
1528270
506873
1295904
1959994
1853842
1018280
136123
754405
1415717
21948
49141
8778
1416856
297156
45150
3403
1510467
282303
689541
278631
1540926
193753
1167476
17205
278272
1040848
224424
6105
630423
363894
519789
731576
1024841
737922
1055666
1926323
14196
1208406
1141751
92541
148836
331831
1203670
178402
1243721
790768
1366511
1274882
738271
19900
369699
1786488
844869
773426
176089
705670
233586
436331
997805
390462
1295541
287742
1919683
1228209
163906
558795
1326656
152781
574385
942269
707060
107716
1204206
71631
1011131
110098
539927
220411
269984
6694
604003
553128
1304324
1022645
574807
1540311
558973
2079909
1470680
326302
650343
758240
626696
81003
285162
3081
643477
525729
89676
762518
919622
894518
793481
984062
298165
409250
21
641215
151432
99681
1589952
279945
186972
617182
658415
207330
464284
70324
54946
451545
229503
1060894
2094156
32385
1585271
9337
469791
31086
137550
1339424
422541
534017
963376
1183968
58936
376380
93961
250755
104976
58996
1177578
1540
1035446
495565
1485998
1671635
530632
1158468
90951
131307
27714
610438
959178
540500
1014988
1128
1717005
944476
1640173
119316
742763
17766
2172531
13203
165600
1594216
22207
309044
28401
429486
5886
49455
550677
882352
514199
1443093
37923
374851
654931
1228802
191890
594539
543726
1433029
1283660
444531
939117
319871
579845
847829
26106
816699
1236707
599075
469069
448062
1211231
139656
1136433
29403
1034714
1210575
128281
503558
1166325
267513
181503
856981
31125
561909
698239
1732636
585610
244416
1294632
1247372
349030
1665292
942931
211578
1395429
1195221
245350
9730
348426
749380
514683
119805
1601046
463081
1393295
231
1149281
742531
752786
595
151155
621217
6786
104881
714636
386428
875224
559910
820507
1155563
1104061
251695
1379336
1838596
1582294
1391223
17026
1043871
1078760
134940
2042412
541544
224115
1364639
978488
251373
1195639
441598
1291198
1833866
497991
49780
818752
565594
975549
1248536
76636
1072812
64980
315793
1574420
483552
439463
100831
669616
560560
65703
1186731
1580656
1081870
1440390
174318
405112
33670
28150
2182678
1044415
1223126
362716
1143033
1662721
62128
5050
1998261
112842
1807266
1306932
1493141
226557
472705
103286
7140
1062510
1302494
246873
55278
1239612
127765
1295311
2060024
1335190
416796
956182
1614007
156520
371748
309303
1222460
65703
144253
961316
147940
1503386
779335
303856
1163912
1084006
550911
121771
26296
143289
677991
1251275
687270
624733
800452
1601109
411778
1492421
104028
1434359
1949977
374235
542730
28249
436794
1181781
66795
512901
113373
1520436
422845
336610
1113578
1114390
723725
650703
137448
253828
132367
553171
33138
380081
841259
224788
202036
358591
1888039
5565
9730
383659
1128
119170
476181
2016
595
118341
571008
1138361
299617
826816
637396
1662627
1689513
401856
1005349
977498
1238621
332832
2415
297948
861821
507373
1752663
862456
180216
1895464
816931
1707927
1512428
2121268
15
218175
1247016
574717
602353
113050
384880
1875765
16836
122326
871482
1594942
523974
786997
4560
861256
1596
37675
4656
628698
525514
254541
123753
186966
1185963
40470
1031475
1648926
1770
329049
1568017
16131
462332
157641
1239333
1653
328266
790958
15931
334153
774673
500161
220381
780
14706
1775902
596753
314737
924513
8646
833249
558670
722371
1031678
420280
421522
167924
313569
1466406
1831491
1434020
11781
323695
297759
214840
206403
4656
727491
85905
1274561
143916
823508
257656
911768
394377
294196
68149
1716445
8385
1682451
256318
1584034
1893205
420378
922933
1864534
221133
556741
400596
1514061
1021111
2211
134898
296769
209260
514376
1036024
875636
17578
652756
684641
260592
1371756
43203
1278567
26865
4753
436992
618459
1485904
52975
1085798
1354018
149331
700450
1443785
7260
999211
1240736
4465
1197672
758960
635323
198135
2701
1045962
1595186
820
309012
132271
502216
789145
1358340
1353125
684289
128001
56616
990
2054611
1523151
482701
1182679
102378
185686
474743
1499988
113526
1958961
1053803
156529
47009
453268
560378
28920
284816
253
1785456
8128
1207826
1285202
203907
1857927
925607
619590
834533
1128144
1707225
406
948394
962956
1404806
1083562
2628
1324619
536171
292995
703
1871019
1976218
1779327
542031
200661
417759
2256946
2065969
527323
2080
15400
1802896
660880
1955295
102984
679491
544001
291736
59340
704638
999880
529881
1074728
2178526
16471
101475
1390511
157080
1445675
232527
1266225
237602
1653995
238000
693937
1126887
1017633
1006951
1956196
16110
28203
462948
932491
848234
1732086
242556
78276
1165751
320947
1247966
800722
903590
276
487075
246652
501976
978104
1014745
1083539
209856
868361
1218395
592990
1127828
1116383
45
870866
117307
729709
791281
1678887
1265805
869898
658016
714871
807461
670070
1309466
273580
948911
27966
574304
5995
583220
1258656
733694
492526
294322
808966
1968294
295702
1330268
531331
1011916
276
27495
390700
275494
380163
313620
356790
771420
1246809
1608772
21321
261668
1039179
133564
504056
324668
555190
337431
636946
5565
743111
431206
75966
111156
631756
1123681
4753
934500
378015
84456
292506
216225
879607
337084
822871
1168281
581896
496530
1714665
1000300
670946
1830
707267
986414
362826
674058
903577
540511
1376207
543637
1274874
1136466
532681
1904557
72543
1980906
118163
623788
1495286
162735
1257035
1351646
1505297
1080638
1302192
739346
398734
205761
446340
505527
423856
943680
61425
656155
354753
1129201
1536585
1964120
280941
624353
370608
1023248
1749211
738556
186851
694106
16290
2346
48205
54091
569521
177310
23653
1568961
359041
667681
1104820
89676
157641
382644
1870362
272198
510106
754356
855794
1109206
30628
2121846
209504
540595
1294481
366751
1004699
465087
1046597
14436
224545
34191
61075
405646
942797
789706
374524
81640
179700
865066
599311
4465
866902
198870
1631815
405196
305851
1490778
1076117
113526
61075
1167281
1237935
1184474
21321
1694264
66066
128227
699650
8515
544165
663277
562982
1384026
716825
1311227
950713
59910
552507
27016
466922
1559916
356656
170514
1659981
854776
15400
821991
1960241
1395326
1947281
2276109
286380
203427
100577
560081
402867
295267
1589872
1896266
28441
929176
319358
122265
157173
57970
300514
1719391
1484850
1077770
31651
81741
1853796
1459817
942029
1626026
847310
1546555
75648
527803
709606
1944813
109278
63546
163750
319161
1985801
173457
501769
538058
403463
789242
655351
966598
1652928
936176
102378
630343
646627
1707134
208861
495790
258199
1285132
37978
784116
1254221
1811354
780664
34716
1184277
114923
582
701332
939252
86353
2146875
88831
652684
206496
267906
8515
247456
1128
1359842
33270
710777
977168
703933
12090
606843
808516
1067641
1266052
93774
168151
357477
1118798
1609639
458511
633826
551387
314561
269867
272218
1269437
1261731
456490
633111
28441
1716859
130311
196258
1138206
418629
1310190
319641
995987
200026
150781
79933
552781
91
940556
343606
1105505
1033187
1622229
72010
891169
120786
1497192
992008
633951
46284
1204427
110656
788185
1126579
1684011
1963773
103740
1774273
390349
684427
882981
1504791
952900
1456757
941635
229911
478456
797869
14706
972346
280792
475996
1589955
77028
498342
7140
711311
63546
242248
348813
1490334
21321
16471
90951
237120
2221893
61776
1338014
80200
200661
728688
803551
162315
166176
57971
617555
437103
1855654
560102
520081
334180
142845
1635229
396990
105
2021063
115087
1556439
442233
389319
702894
869808
271915
338185
75078
1066487
879671
448332
294792
1041875
642117
426684
1618386
1995274
209596
892931
915676
387744
467707
78963
1022336
1230001
797195
825412
411940
1158086
247720
139727
464731
103088
906215
5041
246753
5671
589496
1234696
465
248865
592868
589756
547752
2105925
517995
342631
683056
173194
1071741
914110
1152174
1144439
1449273
1818741
409915
2628
678364
1462589
162081
439760
873530
709316
261325
1023731
1954486
1193914
20503
3591
319035
316141
1009904
4371
742877
1949612
164451
1665255
696131
617775
984766
39060
173755
938687
809161
442676
1149313
67896
781306
276131
35245
240005
1534456
189891
161596
1029646
1142801
1899681
250351
1790985
321363
85287
1101716
621826
1109706
1114669
477471
1059438
278562
185745
400666
1493981
194376
1052431
14365
416907
1107638
167766
693871
2185870
522434
465
454642
1333331
621716
994451
863216
1545460
18664
1508797
1961281
1415096
862486
231
1046741
1230025
15753
1199309
140853
9180
26796
50431
282324
1008022
411403
103789
135216
1899688
3081
1089871
4371
1211070
779148
1633341
3003
735744
681533
668781
174345
25878
30381
1985436
117057
717262
1652750
685757
281571
21945
495596
660534
546673
647409
644448
236328
640162
36315
219453
258691
21945
633826
9316
120
1045166
2556
461131
524189
777310
150381
77851
580061
1352232
503315
165727
648285
107331
787781
1021826
19146
138075
97342
685595
113050
781249
519056
1724781
341455
1059096
15627
1091343
100776
496791
21528
237016
2259567
189276
72506
219306
48157
234477
1588993
1653
865920
131481
791020
34254
434241
428052
948431
253737
1740489
21528
145530
1790519
1258370
556226
644202
189696
645385
488160
27261
1116390
484471
387927
424581
1884276
213931
1587452
1584241
4950
1154099
123753
1540262
1723960
29161
463781
652403
84666
1259142
127806
94167
2056680
322245
818029
421668
1530714
829678
1655592
1795743
1982481
950918
1102350
209422
21528
1718551
214840
7875
594362
310254
1356404
629464
705456
1357209
955562
157966
1523633
1360089
144453
2628
658560
43049
66066
14028
2016
737449
703
849761
652008
1253685
1072418
538647
734999
1644821
8911
14365
3240
306301
1434282
651911
1306364
372382
850024
879302
723825
91032
177887
665209
196878
1130963
114960
593719
1236458
305392
1086682
338253
1869360
622524
591894
1025096
1500941
49951
133200
62481
1081
1086549
1891446
1518161
503105
1033646
106491
1186187
2080
688835
110711
553762
12246
345267
872581
4656
1052405
391380
1514199
84255
208335
595741
1345035
276136
159383
1425831
2027350
469671
579911
514930
670387
506143
221590
1229901
682501
139485
55237
1201377
745903
757240
1363991
3160
165025
1718479
86076
1393982
1246454
674108
115971
16836
515641
946
464257
755434
555245
645500
102831
303921
1074626
904502
736621
486040
15576
886321
1829260
269745
682226
1152656
637646
615146
75078
3403
226128
772018
1369182
1156626
23220
146611
1602534
1196329
285264
450256
88831
1744016
937622
2003343
284946
1818406
757834
1143079
611992
105336
758955
72478
505988
967666
24531
1009196
1469073
634241
69617
272769
601916
202124
33001
18336
826883
368691
1856077
603053
1002704
1021583
67161
424118
883534
648325
302367
9870
2208915
534009
871249
1029792
170094
790933
447177
830602
1025196
210546
1195569
501032
1506380
1814585
612832
456093
1106825
1549190
422291
381516
20910
508339
232408
549833
999221
628246
1011299
1099049
126093
358621
1072523
295030
1503195
825022
85455
2029929
983531
117331
1522457
296835
845201
264256
78213
74260
134326
789681
78681
678406
470191
14365
877242
1338065
448776
640366
1431206
1053165
14472
605356
199396
253
705667
5151
807569
254541
377094
128326
482451
1066864
11476
272497
177862
1165599
433846
1791300
392361
2334
195351
578224
26587
163306
303156
1465152
616671
1880169
55
702803
1295832
476417
1347606
411396
16653
867961
632879
133903
410991
524936
176430
851042
562950
2051641
1093311
1348341
1683411
857237
365501
988861
648957
785729
1750335
46665
528406
942096
788948
108811
966053
424209
1723725
106985
840419
6328
1944714
1275015
754995
1217567
1076196
42436
1266656
1984593
2186140
331486
206311
903
145806
1825273
152628
1248131
256194
148773
400960
1137746
82177
90525
9225
279451
126524
363378
1095364
1047231
1708988
718015
1029202
1915995
1154281
1071126
323829
251202
94851
527606
1411410
1059419
77028
601233
606876
1051327
45150
1770
241165
894856
806156
59340
2152751
1195590
80119
764021
591098
753098
3240
763486
620425
628761
1031240
1464588
1146074
1064921
13695
1214944
99031
1
1531674
716246
214038
833809
65027
1454072
438792
93039
1899051
625197
1130909
660179
1155149
458793
162165
1324228
158766
1657361
2080
703
556349
1244263
1401614
313236
254055
1616901
61776
2311176
717564
1604851
2008042
129969
987295
674150
61458
1217888
1904097
1002316
157080
126253
2006626
1118901
675966
1428087
241882
331705
568645
643229
850666
1909453
574832
1687074
1079004
220251
232522
6541
1395184
189889
1492751
58996
6
28555
143380
50086
705279
536152
18528
750148
815646
73153
1791877
351
1681736
1176252
197061
1595543
1200000
2042341
172242
640812
7381
872647
170836
1661842
396201
35777
909399
180391
59340
464491
548004
1029889
14038
1509456
912468
1105976
1093091
188805
1024571
680813
1274107
8385
1393701
555710
302553
28680
843277
415510
633205
991441
995291
1819812
1372886
326025
36639
502506
27119
631359
17578
231540
1128317
45
314860
364033
268951
797831
544711
841936
797581
937504
96336
79276
109406
2775
1266134
510860
642865
2124249
899180
669668
466467
1106996
7260
1414791
27261
1292774
650236
427503
145422
1187936
531201
34980
357868
70071
554556
1553728
328374
1319847
689915
583414
238947
171405
159498
2038092
382096
353106
142184
167331
2024607
1210498
1772896
245580
619081
280062
167239
127260
1004846
842351
906508
989818
8778
122836
493899
889151
801635
1646654
221445
392941
183315
1826335
47791
1180918
267394
78127
1244106
46056
153
135298
1114739
619153
43071
48516
1837737
204577
129795
920326
1910902
559120
35646
1009838
185745
820
208014
277332
216897
1021894
97903
426224
512910
1507759
627286
11026
19141
506059
947393
1331193
688211
819148
95266
1179993
1144198
265356
458194
1158150
717421
829604
1012638
267546
2850
1046577
1165457
993929
323731
91
555447
12246
1909737
808621
731279
593131
1795812
1262512
57656
4278
454236
1521377
534880
1121310
561322
1035761
223383
21736
1217076
1773954
601798
605163
643503
251307
108495
9730
360828
742071
1371577
208455
344730
1332337
342469
551235
445558
10878
1278656
41616
410416
1110406
707131
484220
1458225
20877
266751
1484338
1804939
1008881
612986
64315
1185853
4186
603541
1304292
1023471
359206
1087466
17205
72558
308662
166753
263661
374545
2227246
19110
350223
1108971
399568
442096
118036
604001
1489101
1458051
208876
1236647
68265
1307691
778982
26335
1690881
671358
932921
208536
778385
349030
30349
23391
1163536
1061741
639850
153
1992600
832083
1923621
36
283128
400599
594801
1386759
275653
26656
59436
1516872
339801
655895
193131
998887
215536
47586
1192711
1809060
292205
600371
1494863
113050
282600
1032770
1348697
770079
1507403
333399
4465
1994684
1094339
360229
1516753
1015502
96441
1459318
1930235
1578753
281864
91378
502951
445162
533403
681881
1480980
737149
561631
597898
429815
944561
341295
811747
14365
153142
134940
1639858
6903
831896
16836
116403
505725
6
877529
801521
1006088
1600340
523552
930166
235627
15225
643689
984485
366689
70500
828190
131328
58996
1189624
125955
472371
1313511
1123577
1801872
91188
568703
723094
7140
1074362
236531
944191
271289
634922
560731
1763226
1702164
450965
54319
33670
20706
604324
1161296
115669
1471190
578126
639041
1333899
176764
3160
968078
505676
583893
833561
23286
617949
116011
1832631
1770
803006
393381
48982
2019678
625958
105
1033896
476323
908573
477556
666628
68635
591976
4005
280906
1106556
23653
1144783
656490
1139249
1773662
1367681
720905
1058815
283371
3916
931233
1475756
2120413
806315
93172
1527141
1435598
86736
1815071
366516
400446
24976
17955
764553
1552023
1025436
30381
275509
1520990
1452681
309366
32589
36690
1341483
214185
303788
119806
1448534
582325
212860
862185
147696
974470
513256
1280986
1045792
852030
17205
1574546
64756
78210
71714
264847
131845
705106
407829
26916
1561137
188840
1849721
1298331
1186426
483097
305592
189751
10494
30628
1091783
812652
31012
557508
257760
90951
128271
519583
94188
1048323
143916
1345184
134302
2211
542740
161596
1028147
806588
522245
18145
2016716
1143086
1148291
1385477
1813165
581896
517076
378358
511659
1352796
448681
1265501
442357
1441551
840545
438969
449606
749375
829884
140185
2109534
697273
1947744
1643726
1239912
1078225
1553863
1090145
1099116
15051
841315
1855387
149512
510091
527056
1099673
907661
960131
1541128
1721372
1026041
50086
250251
1160291
194932
1466266
1014072
583053
1618151
138075
1176
96141
2007891
1549835
352552
1101545
355146
2145
20706
211575
1044208
503595
624459
1922664
982556
219571
564977
2085654
560091
254866
766165
747753
1096556
823
508287
1124391
1828770
356808
337551
147153
1382982
75098
707394
68436
961642
25920
118656
1953
87153
531841
630
1585563
201295
1424786
1003046
136528
1273562
1904090
1581411
903716
594532
1797656
908319
2133615
9453
409114
1344786
1138960
1086638
258064
114256
974568
400455
1663990
1225
802571
24388
265114
1006829
1038953
461806
1614180
823756
907392
594653
193896
798002
76245
231
871490
183978
3
983467
1089837
10731
1355456
13668
779704
639884
576817
1265764
713077
644624
1469741
143916
1186786
1225597
2219287
968951
487336
253786
560521
754684
597223
317806
380628
216947
134421
1234139
100576
236005
1023597
84666
705656
619274
606199
1326074
214810
1001219
189812
903
105
715816
939036
477030
1755959
1035524
337938
831679
545736
166389
859181
83023
68635
2021062
64551
188188
723323
385409
104196
1443206
1797083
350860
213531
910816
918436
888605
167091
25425
173569
599737
375601
12561
74536
3003
831164
137550
545275
48828
739291
405801
1570768
409984
66430
1908276
179700
1917441
1901903
10440
812991
1091743
393241
1593706
863731
1290939
55605
102378
615209
1250861
241860
584201
204805
106596
1849750
1044473
705035
95266
367072
958474
689566
615481
1622298
608771
367501
437193
582856
167910
28680
1592042
417844
603516
638563
1329708
18528
1927031
10543
66430
770711
117393
882793
9045
1505667
52677
1069642
257556
11727
780791
1750857
762310
507029
21321
732626
1393415
1098460
1247214
51681
179700
145433
1159665
595216
1029350
674807
1365459
364545
1277131
1167989
253
1083951
1070287
335466
875585
145271
266815
996640
124005
1897722
198178
720741
413709
722830
332520
498408
189380
954296
350056
842516
95703
1607106
1336185
1931979
15753
516286
425590
1753821
1204954
1384392
45786
1122165
18921
1471956
573951
977915
1160756
1266833
305991
83436
114003
1135397
791021
104196
1653
726018
549754
640146
527661
380865
106030
437586
2088626
5356
1529375
171405
44253
185053
678652
231
1146495
771203
336261
3828
524122
1431
78
4465
806557
70500
2062
521341
1529941
492429
113519
1333226
669368
1219547
945752
955720
1459156
31308
1520543
497925
591100
1609474
18145
1736109
1314566
36315
169422
52018
12066
1856417
1444793
1072311
6328
458266
1568479
945606
1188021
544863
611915
405376
769757
1108865
1027271
460576
67932
548067
374310
1557783
788680
1825497
1434631
916555
148276
1760805
46665
220492
368182
57970
1707621
456481
1637980
70809
1105015
2090194
664850
8385
2058844
1051218
46971
1455446
595656
670972
1382166
525220
427351
1780321
281661
1028667
414505
147706
501946
10440
210286
364695
213046
32640
553566
648014
1691836
34453
15400
972989
22791
538624
1284134
541524
114286
894127
732418
253401
2336823
274350
33930
251323
623094
1981041
326914
101025
222778
595
1840575
625806
780406
431686
205671
853189
1506771
477471
1081531
1206904
279666
710732
174936
915041
1156781
558831
766306
56953
1794111
38296
1158830
457383
133903
1171121
464827
56616
126756
1041791
71715
5460
1208306
330078
480007
1709508
1094096
2046741
240439
512011
724909
209331
872112
488594
374735
2221806
263550
193753
736822
974176
26106
49088
1077577
329476
1361364
187036
510498
435071
163306
261726
1057302
1001281
1429166
253116
340510
361351
373527
392343
1023585
1404131
454303
55186
535049
635308
523200
1363860
41328
1659141
225369
491431
819218
1358216
1504986
1484081
315031
1537626
563656
934096
311359
845166
777791
268814
441209
1011119
630
1007831
33086
326706
511231
42195
509156
1102081
860147
878209
29403
56374
789721
11781
843908
96141
976498
984202
1503945
175225
293761
165829
1580688
29161
1641686
157080
1339835
695591
18528
413331
742624
255255
509323
64416
8778
1485015
102978
400312
600557
986365
1266789
514012
769681
889036
1013912
34716
116241
922769
1045846
901553
1108789
1277390
909461
538836
24984
36585
325
2242860
618545
46056
8001
1463730
352380
645430
1245156
596047
32640
735349
10440
1128
289552
528199
1002716
320406
1001379
1414211
1697508
207046
577736
545913
223887
258121
361668
1639971
691954
822088
946
503572
255458
1391342
1571618
1074662
984038
835954
1942326
625465
2222166
24531
1033585
1569172
131841
507761
1311104
1086206
284641
41556
909731
1092881
1392321
842876
412567
14028
1742873
70125
224785
1254066
337431
787413
1162760
718166
502993
595573
642065
475203
513724
729417
603926
1060630
184461
15576
681061
24950
1157107
1105286
801030
699813
1995057
262755
977161
703928
789376
148785
1431571
29073
360856
669809
138075
190450
1128233
232903
653697
57291
825659
29320
903189
272026
5050
1125097
1578328
898933
41041
493606
141246
35778
343037
52326
876602
282211
959662
468856
1062470
62113
1288526
533666
1248793
477227
1584205
299341
885716
912400
461817
624479
49455
9870
969341
287984
1832884
1089507
658757
1814648
200893
497448
10011
1951898
447365
716255
238201
23220
17956
1801422
918928
1723781
1293492
813683
59340
503199
1384106
417847
429815
572581
304657
154956
1805181
731711
446053
7260
3675
162254
63072
48334
1170432
828043
10440
406351
967115
1099536
376476
594766
253116
730365
169071
361802
327351
1610023
636946
29403
12880
1221689
23871
2221075
878872
30628
1645137
193176
484516
1011959
206781
1531716
232443
1363081
1248110
548251
459956
817883
25878
251871
1025381
1319088
241387
1200919
29106
9591
119728
541118
787826
1071296
128360
39060
1829479
20100
374671
926450
187999
561292
20301
1001491
1137902
757091
1319763
60031
507956
432466
1458734
941461
485181
2086780
611481
2136841
257403
82215
36082
1236206
231321
456742
171046
588730
517856
1061659
113526
1605586
1166337
2112639
1404866
472296
61804
454360
900937
454983
825016
1466396
134421
2229349
13861
487442
726398
1107226
123661
59908
652486
153300
15576
616924
1087416
22366
1993909
408288
336456
486636
289180
1743246
1324917
519165
946156
519915
1681201
160482
810821
806367
946376
975083
1121357
4950
1277012
17391
9045
139574
625471
573685
655646
341908
438034
713505
1516946
174432
2065347
157641
55945
1307247
449781
336109
884003
890987
784151
680065
627935
10440
395416
1885062
671671
1103512
36046
292249
218576
1289310
1281748
8778
250059
210687
551676
1070101
932326
1734042
1115429
1828397
691106
1481711
860451
1010606
297066
98790
19900
926249
1065481
104204
232471
193753
1269986
879685
316779
670637
581053
1417343
992261
94214
1406181
118356
746158
1542606
14520
752544
172578
417269
57899
101475
632713
157465
880762
584348
1976233
519316
672528
1973430
1668656
279307
1212016
1507306
546787
662861
1086133
1485112
1561006
305298
502765
260292
1492794
7750
1103018
501315
536925
286999
175340
391842
1552606
362655
1310225
716971
176721
1587498
1078235
349770
1261436
10731
619049
1517532
123376
33153
27495
409525
120585
801349
999084
237651
558529
1005444
1216217
263082
546326
363861
1939162
292672
97461
4656
382734
10153
1212851
478702
199396
161266
1626106
1262081
1084342
1285707
59436
1887631
1254344
2417459
827099
3828
1089251
1580097
146070
237016
1820796
589066
26106
1486611
27028
98790
346843
1435405
1503219
21115
114325
902763
15576
1000083
655966
1818520
193441
79401
35865
10089
689297
749971
1110102
695906
1597063
1486956
2850
767608
733970
842221
55611
880322
658843
1130537
1644138
116403
781435
352856
896353
1001956
301106
953171
4186
524353
814781
216762
116866
462276
269201
549724
1014419
1233417
1050647
161596
687612
562312
53628
1568928
248836
125751
1195824
261726
435312
1059864
223740
2037130
305766
393250
63903
15400
520686
29506
504165
350713
1751931
620635
686184
471235
338164
540191
1237394
67756
132636
1110906
1778531
1198620
2485
321201
13695
280060
839712
145530
227929
215496
323820
173625
267546
178564
58996
273430
272197
39060
578964
509116
2016
781346
596590
385795
91447
1096711
1194545
1324431
409710
1024545
204402
1077485
481146
799282
273430
1456157
111483
1053769
1144431
22714
1932841
1212702
911818
1232564
950971
863971
641985
1149348
861494
1031480
1588747
365392
44253
370230
73153
436431
1181142
1078132
2149114
52381
852914
1740361
240681
171405
567944
1099955
15931
59371
1633058
2346
509362
20706
740566
82621
276
6786
174917
30135
39621
286093
464213
193041
1353521
56329
807965
1741179
2167269
36315
662718
382437
250306
1812404
700966
100217
1031009
73329
308359
1494129
1101919
1641309
9180
382776
731702
1906232
429968
41173
654787
1038459
1613781
427867
50403
539659
162411
990
1502130
1295356
1593585
36046
1752624
1282173
345575
1091526
41905
128778
1378
946
407211
1409124
1323060
750753
433114
443152
1812526
797212
288616
47739
484671
1046282
680673
1285361
1026411
2080
37422
1870925
92235
56280
1284656
772823
264351
840521
138601
1435146
415780
102831
1604572
21321
221132
28203
2172571
983663
102985
4371
378615
568897
412220
120333
570261
520643
1213501
1548983
1689107
378
809711
144453
193992
683220
1063330
338406
503615
437163
1830
970165
1866915
1039314
57765
388059
37401
852158
89215
5253
3160
1896547
1273089
1610765
334153
549488
352010
553138
853766
1698231
329476
1986511
658713
310666
243606
1323377
290703
1478988
1081
85491
791235
12271
1562018
12403
2187140
28203
1088906
58447
366193
630
780
1275
137550
844418
69796
341707
1326154
1671803
22791
716638
1036386
50841
1942632
1029286
633019
1181051
61110
1144781
633192
988576
52975
33153
1456644
180538
27730
3
4371
2242582
61803
176241
107869
709956
1184198
385949
13041
274537
585031
2215110
1144352
1236831
15931
1032788
994052
391581
1602282
1057716
1085919
178503
2850
861505
1515976
1309770
57291
436876
2248596
319296
1294176
165132
1032271
435964
89253
1038643
783246
122096
490606
1037998
167033
265356
215496
1152067
55968
1770378
372816
160759
725169
584094
1430594
1523317
153605
79800
2210625
224028
744256
651017
1365716
146081
24531
300367
1149674
242556
296156
250201
720033
1321242
2169664
151525
16290
75594
155961
1025171
67783
1136320
352836
467746
465123
221094
1478182
502965
164451
112101
1094281
426705
732092
101050
1076250
1432668
967837
255206
76636
420933
1672768
1134678
1476076
1962757
1391963
190681
1678992
452901
130816
1051995
1532433
867948
1235391
1255703
279246
422170
522043
893998
1805976
1149731
241696
1059806
474256
54285
1891215
15400
258001
117991
1431
77986
105570
1240673
1345205
1757041
1487256
428364
42966
1653
20239
535140
38781
25560
492118
650456
44754
78606
1205451
11175
174202
1566488
126756
236140
1020288
353230
1198038
10585
64123
527302
1194131
171
2556
564775
668676
1758483
670831
280875
201295
812191
313347
591805
74391
205120
103972
24408
396531
678027
1823046
544656
769647
1159220
595
321379
1336547
1037072
1521526
644942
10420
10878
731426
252750
367159
518815
753941
125147
660856
409243
629008
831813
559766
165291
1638855
778053
653734
720105
78606
307756
484807
1288406
1951170
147505
554893
474321
21987
1006894
920362
1870876
1122339
975976
312424
192143
513111
644035
394711
303621
551281
455681
923650
247776
2060991
377749
571548
1185252
1184996
1447581
1007825
311670
23566
1103258
1327766
995890
753941
230176
44253
25651
31878
1148356
124656
438454
46056
1682361
647196
7848
582796
288856
203127
102017
300547
521068
273706
2415
685735
880487
925921
1336059
421821
1866551
1715517
763393
780618
871055
270480
2085957
805051
41616
748622
1706082
18721
94830
640664
2142780
1947721
447892
226801
905929
1696530
169978
1106290
1652676
691340
470224
945301
1228629
8515
1787148
1914292
654796
209692
46360
377122
395605
1941526
1547626
1926432
1772274
1096731
735709
1022086
542419
49151
296961
797155
55
174936
13203
834989
731261
36046
445324
1106923
758479
1377852
403951
158187
359271
1515172
2199533
1705931
159973
490329
916862
173436
895541
325221
2225607
364533
2080635
569431
830527
566397
42057
925481
68862
1411524
523317
1045506
593772
114635
219453
118341
831191
367369
263365
611554
945326
690901
1047134
695974
394571
868923
1275
579196
1419896
461316
572086
358878
938135
2850
979016
1321364
60865
808586
92235
1432122
870132
2106814
2258631
1739206
727406
818909
344665
83527
182556
15931
298378
573272
438540
1393821
574335
142132
1584564
118828
1867393
52003
562312
554666
312598
385479
70500
1012014
483616
474229
654764
1074894
744355
1149109
1657212
1287026
339466
212622
1378
65531
1476681
284397
766165
421508
239778
1516008
14881
792353
225866
1006485
1655931
476893
662137
161596
103740
932635
212843
1231096
1082449
777936
1153008
135076
900556
83863
638953
283881
59685
118201
338178
741
71253
1336936
1320920
949057
28203
668996
697906
797251
70346
52326
765598
261726
491863
378811
416661
1964790
711775
1021062
1113189
1963441
157080
563053
44551
283934
2272039
392064
159621
209472
1409356
1229836
469501
647483
7267
465
1078330
402756
642096
911326
1005279
297606
1286094
223771
1257591
76636
269011
1016474
1742484
129373
1729675
459202
9730
111156
172410
1682954
1302780
1370625
74305
906613
621086
458811
112906
171326
828181
1243061
300267
970370
517278
24090
179841
965644
15225
825736
817712
977837
73536
59340
2061768
824204
685714
47278
1593140
731329
1570545
1364966
304590
88831
4701
990364
24310
594506
816917
216281
1211892
802685
1731060
733021
677338
824246
32131
1471288
514648
621599
1014047
241886
1048565
282987
990
877813
99882
512469
957216
1135739
1094656
699611
995988
962086
365980
31878
1011266
1495340
516807
169653
11628
1046824
2145
517853
337134
850073
22402
1414332
201971
121383
731093
1481208
913301
58311
444912
327796
529530
620266
135146
170820
1220988
214378
299091
646055
591284
524766
259156
928306
273301
141778
670991
439791
94462
269280
336556
9870
60726
143380
152881
602878
1209816
1097537
1953
396276
1906234
226477
2257566
1173129
744008
292425
1816338
227355
730701
43365
16653
667188
501175
34530
1342378
1280189
1635476
154361
16110
969640
1770
735713
255966
597251
196878
1184501
311461
190141
15040
10731
910690
1470956
2216980
1567028
759644
436381
223078
712460
426681
132870
1920144
169103
7140
371151
2001061
342525
31131
449221
