829470
112099
83434
90523
65159
130558
50719
22896
42048
47430
47122
26
68819
477751
36044
255253
79798
534059
1437358
724806
314423
353218
115198
1104839
646951
548626
911248
1839360
1056
13693
65701
1367029
198448
97018
1118258
247806
1376
210923
4511
40326
307718
49453
485603
67159
121769
171989
4463
1041844
133901
108110
205759
107878
622168
235982
677446
147151
240123
535093
22259
346526
3568
187883
121523
861982
374111
669901
637319
1021019
400063
1430584
240816
1381120
888443
235639
290701
49139
385440
134160
642409
30502
315216
10
53790
238393
242554
3653
1201248
69376
6270
1045456
208
489058
4
2663
856084
89886
36179
32638
125248
7379
32383
11856
683279
422738
95264
134
156798
8909
159893
25423
1795510
645246
26
2448
1041844
267179
143914
370228
122016
19501
19108
371951
106489
56446
166463
1219139
138336
2046
2810
203201
79798
47430
607200
400063
34
3001
478729
1519894
485110
3653
67342
196876
673378
16743
616048
157078
117610
776256
77616
468510
955651
197504
177606
33798
50084
288418
590782
330483
14110
1011040
382810
7748
95046
25990
1016023
157078
13201
34978
252048
2886
1000403
349
58
16651
9728
360398
1602943
29888
2962
586984
179998
187270
36044
4463
277138
428273
309289
204478
172282
239776
159893
30256
222443
240816
954269
715206
17859
1011
2110
675120
535610
1202798
3826
13611
19
409963
202246
106951
871198
471904
77223
665279
418611
1483
1372822
418153
598963
774388
235639
398276
1105583
15049
16834
20199
768798
15398
628
15662
832048
1192738
833984
100574
511564
422278
599511
187883
215822
62479
102602
82619
128523
401854
4654
13
164163
639013
170818
993343
133901
6103
741151
258838
350701
524286
186353
208979
908550
61073
1740976
561798
201928
240
4048
1649834
71818
16019
92019
54448
542359
548626
1577086
329670
194374
481178
146339
108809
95483
190651
1140048
120293
13859
46816
901
768798
1353833
303808
606649
43363
1238736
27026
44998
1484363
1680
99903
160459
1920
320799
311653
255968
151248
21838
1709
383248
160176
258838
50560
56110
410416
941190
39760
174934
680359
4230
553350
211573
270111
110918
202246
16469
376710
298
575663
122263
270478
72388
26910
54778
8843
3739
122758
5884
318400
251
750923
50243
538201
899139
209303
118582
256326
951508
1408679
27846
438514
13610
403649
528904
356166
478729
4138
103510
21113
262811
61073
368080
1661662
11173
129793
552824
108343
813448
25536
766320
1300882
917333
859
60376
61950
644678
131839
19
90098
156518
175230
1073111
669901
648659
653223
433
389401
1750318
24419
43069
38362
539758
355744
17764
85076
295294
46206
4702
1360423
243251
19699
263536
212550
61774
147694
507526
202564
405899
498999
5510
932976
241858
26679
161594
484618
448876
31750
883118
80399
1594
526849
9589
138599
503002
170818
8126
127258
60029
36854
463201
938448
78208
474336
146338
675120
1239523
294142
868560
81404
1378628
55943
1890538
720598
34
677446
251
281623
186964
370658
2773
419984
1657108
486589
661823
101023
188803
201611
435242
12088
8448
439451
1175042
23326
120293
59166
128522
11024
807083
50879
1591326
24974
12010
469963
291083
257043
10009
48359
1920
5251
249216
650939
144989
351539
92018
69376
24308
983501
1150
393826
65701
492030
202564
984202
360823
675701
183011
1155958
433
1678110
34
254896
191579
8383
1622
325219
205439
206722
6214
209303
234953
285766
1023878
86318
248863
60898
825610
576199
56782
771280
924798
1016023
736289
442268
241858
210274
1503376
108809
362950
93959
1151401
1436510
261724
711623
458880
1379459
1955251
43216
374543
542
462239
49296
211248
299923
98344
1889
491038
705076
198
477262
1014598
11474
69936
1514668
290320
1081183
705670
26104
1435663
524286
169651
184830
246049
73342
226126
112811
505011
153179
1298464
554402
136763
12718
50084
194374
889109
24863
196562
104194
781873
27259
127763
388960
1382782
428273
370228
19998
8644
6214
116160
64439
1736314
2242
747862
409058
252048
238393
56110
17859
839
125499
169651
34
514603
165598
727216
717600
7379
78604
396048
450773
1371994
1680
125248
943249
1308960
251
468510
52973
42484
2242
115678
336608
16108
90523
1214459
126000
91804
645246
126000
15929
29888
1428048
131839
16108
792539
73534
121769
22364
922
34058
188
5149
161026
1067258
966
12638
434776
875162
57120
378013
939819
846298
742979
1623
415870
1298464
320398
32003
377578
210274
125499
832048
235639
7624
17482
606098
2276
218128
461758
1239523
577273
1828
19799
234953
69562
44400
1324
85489
717600
3611
396938
457444
24640
489058
51358
7562
158201
17858
49926
561268
191579
127763
132353
63901
124249
96139
116160
793798
69004
319198
119558
318001
307326
230518
136501
1197376
593
65701
407251
336198
43658
159611
186353
300311
1146853
54613
301474
44400
637883
7999
1325190
68079
673959
5458
199079
994753
220114
963964
409511
30626
39901
6158
2886
998989
18430
58
404
167619
900480
3198
98344
630001
195623
200976
189726
24974
683279
286
89674
816001
49768
881790
313234
140979
140183
6326
1353010
196249
58480
830114
32256
339898
1241098
349864
40896
38086
6214
6
96578
20908
723602
1245040
31248
260279
6843
13528
44102
435243
69376
681526
294910
260640
374543
7686
442739
13528
374543
52001
803910
247806
79399
1057056
56951
356166
638448
41470
281623
49453
744198
1388609
553876
180599
94610
915979
144989
1825959
195936
208010
174639
50084
5563
68448
220114
78208
103
348611
959803
959803
15310
1314629
53790
232219
663550
937079
3319
227136
719998
1084126
55443
198
233584
858048
14619
836569
771280
404548
1627206
468994
3914
254896
1358774
915303
839
11323
16743
240469
1160524
185439
64978
148783
336198
599510
164736
991934
49296
201928
1060694
1171213
1164336
13776
39901
11173
318001
376710
1153679
98788
31750
516634
225118
236326
64798
10294
86526
53626
1649834
147694
8513
8513
487082
34189
273428
17111
8513
223444
511058
9520
1107070
777503
33151
574054
58994
249923
26448
224783
678028
38362
271582
113286
13943
468026
149876
32766
494016
92663
58822
29401
468026
174048
2413
309289
23651
19501
408154
27846
9520
42922
159328
287659
4416
895789
4998
42048
181803
132096
37126
498000
43806
11024
105568
4800
23542
102150
676864
7873
12878
121276
145258
7258
1078978
1209788
61248
388079
309683
147694
82416
17018
84870
77419
332518
3198
204478
222776
23326
973011
530448
54944
60550
374976
44699
3118
1526876
200976
4139
324011
542
325623
6
5406
1011751
37536
644111
120048
399616
212550
1314629
51358
72388
290701
616603
43806
240469
287659
23
1299
45449
88829
14448
1178878
80198
343204
1134769
720
1048350
365083
217139
779998
1171213
208010
24640
39619
445566
1033920
26794
98344
2448
350282
297219
30256
309682
625519
1028176
190034
929564
4138
260279
24640
86526
49610
90949
709834
932976
134
13039
262086
2886
1199
802642
161594
218458
805178
6103
131070
30
66428
185743
642976
25536
534576
135198
240
208656
69749
1623
229
178202
57968
178800
459838
857393
42193
22048
1190422
171696
27728
174048
338251
32638
763846
43658
387198
283502
91804
169360
552824
240816
36178
127006
72578
407251
208333
288038
391168
72388
479
377144
184526
395603
5830
57458
720
48358
604998
434776
693840
1010329
369798
33409
482160
157359
1152919
195936
126251
82619
130303
149876
12401
8
41470
24640
331296
830114
362950
107414
598416
397830
171696
511058
136762
1852810
391168
211248
158201
158201
59510
311259
99010
193751
85076
8126
107646
94828
7318
1150
41039
253114
593
50401
575126
72579
240
1058511
301863
323608
540798
417696
8126
104194
98566
59338
197190
399169
132096
191888
100574
102829
300698
1155958
52648
36583
812810
252403
337018
1577086
80599
106720
315216
1291222
131839
140713
143
153456
1057783
57798
1491262
3870
154566
11398
22896
506016
982800
247806
87988
148511
158483
41470
128776
607200
70
124499
495508
30
36990
257760
69190
516126
21113
4369
114001
142043
511058
160
1109303
832048
454103
937763
36718
717001
766320
42048
667588
238048
269009
241858
97238
4230
346110
129030
409510
43510
1343978
9589
38224
39760
548103
68078
160742
438514
255253
94611
700334
148511
213856
35509
569242
5669
126000
925478
200659
13120
189418
195623
1159001
642976
1499044
632248
544966
106259
362
19600
190960
574054
33798
715804
5511
69562
2110
663550
94610
167329
104422
867901
560739
49926
164449
855430
301086
532510
110448
99679
36719
239430
577273
411323
314422
473849
163590
5099
18622
26333
8448
30874
560209
1248
1119006
1093718
267178
118096
1746578
160
141510
793168
302640
57458
670480
1429
21216
146609
40043
8318
678028
270110
15223
93094
492526
730838
579962
270110
459359
911248
254539
10294
5511
794428
22576
828826
488564
44251
231538
169942
105798
76
243600
101473
1238736
1027459
11399
58994
249569
1003234
863296
15311
83230
1225393
20908
133643
251338
12480
183919
95701
4998
610
41470
12639
98788
174343
25762
438046
506519
119803
445094
709239
72769
696788
1511
710430
184526
23978
60724
215823
38363
502000
930246
242554
613830
157920
199394
108576
742979
111863
1002526
1539133
374111
107183
82213
121276
964658
2699
144451
28918
96359
323608
477751
13039
285766
33280
353638
381062
766320
1639859
25086
488564
528904
995458
74110
529419
34582
491038
127258
392053
2590
638448
98344
66793
58651
236326
381499
163590
222776
738110
27728
24529
44848
1209788
12480
11474
70498
93526
6270
56111
31373
581579
23543
121030
433844
610511
127258
1587760
255253
81404
67159
266448
247806
1310578
39
615493
35776
889109
138073
721799
26
20098
505010
1566
103056
302251
311258
485603
150424
262086
78802
10294
381062
296063
114001
737503
9798
1045456
27493
35642
301863
222109
77813
117368
90523
542880
261724
510
52162
240469
533026
1011
377144
223444
218789
464646
326026
10294
198763
84253
39619
458401
598416
5149
329264
27259
128776
11323
1199
595684
572448
1252151
4093
714010
70
39
3696
10080
541318
36583
152626
94176
10294
157078
13942
364229
952198
157639
973010
17859
782498
676282
119803
956343
555456
169942
963964
119559
274168
143111
31123
87988
624401
798846
122016
168779
6611
227473
953579
57459
949440
536646
231879
126251
78208
694429
693251
155122
34846
47430
156238
1360423
192198
1353833
14618
319998
18623
91162
285010
1233233
19108
395603
1806898
64978
138862
47738
391168
119559
580501
28201
300310
88618
1196603
1566
892446
435243
1543523
372814
300698
75270
1350
741151
203839
283503
120784
948751
980698
1017449
413593
159893
552298
274909
352798
189111
1103353
7379
1709
319199
3870
4510
512070
602251
60203
66793
30874
560209
316408
42630
168198
186353
605548
4184
1204350
87360
208
32256
178203
58651
124000
76243
563920
1491262
445566
56951
8579
205759
128016
613830
1062151
457444
398276
152626
3914
164163
22364
7811
277883
960496
4322
1300882
250630
6383
24198
966
237014
739
165886
88198
1170448
1858
731443
721199
19998
274
206723
671639
86943
31373
1510
641843
361673
45299
2448
5884
118
305760
713413
1273
16198
3401
1694639
3158
22048
508534
13364
4
625519
20299
121030
193751
9728
56278
320798
1495583
34058
338663
576
73151
258119
630562
1138539
626638
286
167040
299923
118096
111154
70686
24751
165023
1182720
734470
298
277883
128523
33280
714608
63366
690310
462720
73534
542
901151
110448
228824
2886
340723
973011
783750
138863
686790
697969
436643
11626
205759
880
84870
91376
859359
65701
4998
844348
24974
231198
452674
95046
24418
333334
947374
6159
2176
65520
260279
29766
212550
84048
1114522
1396954
1056
19
715804
448876
524798
5458
603349
654366
388519
510553
400063
287280
554402
188803
28798
153456
174343
204798
229
168778
315613
277510
94828
526
422738
4
28798
331296
409963
164736
309683
54283
65882
277138
798846
70686
564451
681526
135458
26563
26563
280498
6159
937078
247454
649228
1837442
232901
418
360823
22896
34
648658
134160
4948
996164
199710
720
239430
449824
240816
36990
1462903
1023879
558094
17203
733864
1017449
52486
1412878
455056
456011
42630
144182
218128
162163
89886
382810
660673
391168
186964
10511
367222
128016
664703
1356303
4751
65882
447929
409963
3238
330483
922
2344
161026
1248988
13364
55276
324413
143
3319
1137784
43658
344448
1198
337840
76830
592414
69936
1499044
475798
9178
1146853
8909
208979
41182
308111
3696
583198
871198
305369
30999
1709
863953
31373
1252942
58651
513083
589153
13776
29766
550198
965353
160176
560739
26794
7936
102376
45148
50560
1798
357010
165886
526
2699
30874
38779
97901
856084
7686
3118
242206
122016
210274
3484
309682
1391110
427348
140713
1559376
1198
186659
609406
4139
375842
84870
814086
422738
238048
546011
26678
63011
52324
212876
408606
54613
251
78802
991934
412230
502000
88619
314422
409058
143
289939
82619
1076043
72198
85282
1090024
62479
75464
103966
453626
99903
323608
768178
30502
165023
62833
230518
81001
4230
476286
73534
438514
486589
2590
46663
582658
374543
36583
285010
131070
200976
240
17111
919366
89674
26794
309289
803276
826896
11173
479
165311
486096
77813
527876
197504
1145339
65159
171696
24198
36178
80399
740542
1045456
1223
286
60202
192819
238393
242206
1579751
102150
22153
270846
225790
456966
24088
883118
222443
175230
25876
778126
748474
99233
395159
306151
568176
1185798
718799
215823
19
42193
1174
5938
142
1363724
598963
380626
969526
1035358
43511
514603
4751
100350
101023
6960
976501
365510
572983
778750
322001
201611
854776
160176
25311
108809
1365376
66611
22576
251
71062
332518
187882
41039
13201
127510
1262459
328453
594593
189111
3696
309682
74689
90949
760759
242554
463
3
30
361248
330483
631124
380626
116643
17764
311259
242206
592414
16108
299536
932976
859
439451
516634
710430
199710
6048
2344
59166
215822
242554
499498
145258
303419
10366
609958
64259
138862
334969
33668
435709
5722
294526
36044
129539
19798
498998
8126
120784
81808
5939
90523
1428893
375843
1671704
27964
4511
1450954
13039
901
27026
123006
892446
268276
1143826
433844
489553
81404
17576
437578
6326
290701
451248
744808
891778
86526
19501
4003
984202
67710
618270
158482
363376
538201
533026
26910
955651
31248
41614
226126
63010
171403
29401
337840
904511
398722
34846
240469
161594
409058
704483
18913
1796458
193440
341549
69004
4849
15049
80198
266448
369798
1150
1166626
958418
24751
1236376
126754
162163
57289
865268
419
365083
1099642
89462
127763
204798
762610
212876
877148
241510
742979
1335793
91376
19304
768798
76
30626
157078
134938
498000
3526
60899
36854
1641670
17110
497002
61774
763228
606099
370659
143646
900480
65882
345278
1053424
7748
3443
158764
160459
262
17296
258119
11399
3
927520
93742
297218
3238
945310
178
727216
619382
757679
1209011
840454
376276
472390
354480
138599
22470
98122
27728
3040
47893
486096
470448
165023
1149884
899809
918688
865926
14618
1659840
4800
1693718
143378
900480
821119
169069
223778
64080
459838
110919
275651
91590
90523
266813
366366
579424
155680
632248
31750
467542
257760
859359
1317874
895789
281623
233584
339074
172870
33538
10803
17296
1552320
111390
1768
348611
190960
1003234
68819
114958
635626
897798
219120
6048
1462048
87151
143378
996164
138599
967438
218128
112099
905856
1113030
970222
194998
257042
55776
171111
395158
443680
103966
1272011
1311388
119803
307718
201928
33409
921401
2379
852163
957034
1051248
110213
77419
159046
578886
350283
315613
5099
617714
134938
297604
301474
519688
788138
277138
103511
376710
171110
8319
27143
529933
9589
484618
83026
309682
314819
430126
192819
114001
181200
1833611
81808
406349
336198
53462
1647111
329264
114479
1281599
940504
23003
39619
152350
41470
166751
774388
75270
258838
73343
82822
3442
30256
103056
1272011
659524
786883
424579
105798
20704
8644
457922
661248
19108
34714
11
11248
171111
214838
609958
219
143
606099
649798
169
34978
42193
291082
474823
681526
1010
14876
12878
549674
290701
3870
292993
672798
43216
122263
59338
70123
295679
425501
16651
1215238
739326
39338
3158
971616
70311
114958
29159
4138
289939
394270
328048
52001
142843
1153679
23218
499498
1446698
785003
429662
185134
1195056
233584
167329
35776
4849
667011
519179
313630
5722
230518
394270
62479
118582
130814
13201
492526
8383
233584
5723
698560
29038
48
19898
372814
319198
47122
20400
17670
9383
1463758
1219920
258119
702703
197818
35376
81203
803910
226799
1761563
623842
3653
724204
76
1798
37262
1702011
39198
3119
49453
35243
108809
1483501
179698
20198
95701
1158240
40753
349864
274909
596230
209302
48
368939
1492126
89886
590239
374111
194998
98566
133126
12401
626079
11399
7562
227811
70
35643
17670
1692798
1273
1243463
64978
351959
13528
846298
266083
110213
34978
37948
126
55776
289178
875162
193751
519179
547056
539239
1951
1199
114719
619382
8579
1364550
44998
53463
3401
3914
801376
14194
329264
90949
373246
357011
223110
301862
1150
1024594
201610
3958
152626
1680
22470
577811
4511
323206
562858
1916880
286144
117853
1890538
1447549
177308
39619
377579
16834
69749
9659
36044
292611
664126
223444
381062
379754
174048
385879
255968
818
34
805179
459838
142843
321199
255253
15751
1436511
96
167329
387198
178202
8383
1064339
576736
68263
29039
93959
121030
988
49139
153179
138073
247102
13446
8063
303808
48358
32256
19600
114958
150973
27728
220114
559
736896
19206
6103
4322
28439
26563
607751
332111
467542
3526
29280
147694
415414
242554
56783
358279
1250569
675120
81202
271214
305760
13859
825611
832048
91590
562328
983501
141776
13528
768178
251339
833338
973708
109744
1293634
30750
2078
1799303
274538
119314
171403
89
44698
660673
180598
291846
362950
372382
1695559
10511
3653
18913
90736
1420453
773144
165023
19898
373678
215494
368939
154844
871198
672218
1583308
55943
16
9246
107878
22576
423198
110213
257043
96
146609
672218
36178
142042
1311388
404
16651
957726
241163
62479
1273
86526
607751
22048
271951
481178
446510
205438
479219
344863
244998
197190
1196603
138336
82010
264990
1002526
171403
901
63366
821760
767558
446510
128016
126503
1606526
7936
2773
106258
295679
196249
255968
237359
427810
1365376
176713
279002
142843
538201
839
276766
1282399
159328
552824
225119
208010
767559
499498
12401
614939
1555846
99679
396048
243600
461758
388960
117368
64259
28918
193440
215822
986308
137810
241163
183919
432448
53954
53626
13120
1147610
19898
297604
103966
309683
690311
280498
196249
946686
168778
269009
206401
308111
74303
1216018
140713
1367029
784376
53136
3238
15398
1050523
13943
124998
11933
474823
1076776
78011
41470
495508
702703
98344
1274404
134
4948
109979
82010
463683
859
47584
1119754
1351366
53954
73534
406349
97459
13201
276766
21216
443680
42048
1073843
149329
4003
30133
1662574
5669
82416
1285604
374110
184526
159610
593503
40896
65339
207044
172576
823042
119558
15049
373246
805813
689136
948063
16834
103511
95482
4510
130048
2886
15662
214183
791280
1386111
92018
510
586984
18430
39058
188
204158
484126
46663
1223828
879136
844348
1566
574054
391168
593
805179
826896
665279
779374
703296
1013886
654366
2519
2276
233926
849554
498000
589696
150973
64798
1373651
184830
72388
132096
1260076
6496
488564
101248
107878
1368683
98344
158764
1350
75076
43069
38362
596230
104651
152074
301086
37673
1391944
19998
943936
778750
1348080
703889
1819276
3568
7873
375842
200659
1018163
486096
11173
160
668744
163019
526336
456011
9520
582119
460798
781248
947374
329264
420442
9659
463
627198
3158
1611908
72960
321600
811536
64
57120
22258
1182720
73151
61950
92878
955651
102150
1140803
1127249
54283
224783
44102
346110
819838
171110
9110
72769
695608
419
87151
728423
246049
414503
17296
42048
341549
1338246
97238
118
229162
20501
1103353
318001
342376
76048
1057056
308896
404548
186353
302251
4369
135979
664
86318
33280
234610
2962
22470
310076
83
131839
239430
1211344
133642
2590
185134
207366
21423
13693
285011
753376
84664
88198
274
243600
598963
10366
291082
771280
216480
757063
368939
153179
363376
67710
515110
4
342376
491039
37811
3401
118
1376
39198
1701088
35910
3079
30750
9178
1126498
262810
27610
3238
1267230
277138
28798
97901
551248
185439
1490399
116884
17576
1429
961883
130048
43658
178202
1155198
19108
62126
930928
628
592959
740542
112573
318001
96358
320799
1375309
56614
213529
308110
147694
1021019
8976
247806
58651
92663
653794
323206
37810
46206
581040
318001
235639
78010
197819
2110
56278
172282
489058
1431430
254183
1402
89674
873179
530963
2046
567643
579424
20806
752149
1140048
34189
645246
185439
1293634
6383
373246
424118
347776
682
9868
304978
566046
24198
284633
22
183919
23651
63901
787510
482651
92448
22048
268276
1538
392496
716402
4369
4898
298
33539
1982
2344
117610
51198
92233
413139
959803
1223
21734
9728
966
36990
165311
7936
138336
104194
994753
136501
381063
15398
16288
76830
28439
167618
203201
1081183
76830
626078
555456
40753
425501
738718
542359
288418
6383
38363
851511
719398
931611
559
1
509039
212224
479
123254
760759
289178
301863
588068
354059
335788
882454
741151
1084863
8909
1079
596230
52324
117126
439451
8513
602800
252048
667588
995458
118826
1499044
73534
584819
15486
7873
5722
374543
6270
64618
3001
735683
10080
435242
1350
8126
791909
1350
16198
909224
1
7440
207366
329264
58309
320398
53790
114958
1101126
5669
233584
611
1279998
98788
100798
253470
533026
262810
330076
884448
56110
154844
232901
1245040
766320
467059
267544
24198
11398
67710
193440
258479
525823
443680
740542
123006
67526
1164336
56614
3040
585901
279750
251
148510
720598
210598
37536
3198
759
299149
712816
333743
141776
97239
129284
181200
675120
335788
382811
176119
139919
34058
1414560
639579
66976
790651
8063
1761563
101248
186048
250276
146880
41039
12878
129030
169942
310
1232448
301086
250984
63188
3610
238393
143646
8254
3526
1636239
171989
16834
214511
508534
138862
453150
185743
81203
662398
27026
822401
431054
356166
21216
36990
320798
258838
991230
741760
117126
44251
95701
18048
188
440389
885113
907202
5099
353218
470933
86111
1308151
30
458880
102376
1403648
60899
17953
454102
78208
107414
2046
404098
1376
485603
3696
19699
39478
577273
490048
537683
134419
87778
478729
592958
51198
1018876
285766
11024
1062880
310076
33668
743588
33798
841102
127763
54944
7379
676864
12798
531479
204478
2518
102602
672798
590239
619382
12166
34451
35111
351959
44251
973708
101698
915979
1038238
23869
152903
5669
1241886
489553
83843
60376
79599
103
43
889776
146880
380190
1042566
897798
102829
316806
36313
9178
103738
34059
15751
1683611
138863
102376
2663
113763
61073
240469
7501
10729
10656
440389
192819
682694
718798
111154
31123
81808
398722
562859
426424
457444
651509
582658
135458
288038
119070
1127249
1329263
322001
1487810
1326818
46969
409058
240123
75076
177904
744808
39198
32383
9868
55609
680359
628879
1194283
401854
16926
157358
113524
644678
89
1425514
500498
197819
225454
676864
58994
80599
276766
640710
7440
174639
32638
101924
231538
298763
956343
28798
8513
3826
425963
143111
59510
456488
83434
607751
75270
126503
250630
575126
513589
202564
86943
106720
82011
61598
395603
64
1338246
99903
8
195311
23326
26794
434776
1551439
416326
274909
20603
165023
345694
21011
1230094
216151
903166
17953
270478
1135523
1056
48670
157920
763228
228486
144989
306151
171110
75076
1028176
2773
156798
95483
1078244
463
69562
21734
427348
49768
19898
826253
456966
167908
901822
99903
449350
17764
130814
176119
12559
102150
376
924798
1119006
3401
66793
19998
20602
11399
1572649
318400
34451
873179
29039
1185798
271214
20299
12798
88198
351959
19501
846298
356166
701518
1051973
22896
16926
996164
322402
630001
50401
18048
138599
340310
357010
24862
466576
709238
742978
918011
549674
60376
61950
420442
1067989
792538
118826
43363
983501
117126
101924
46511
647520
533026
212876
130303
10151
68448
1418768
88408
34059
171403
631124
873179
36719
157920
86526
206722
9451
29888
134
1450954
12718
13201
48048
10366
67526
184222
16198
105798
254182
195936
356166
508030
431518
22153
355322
35776
73726
203520
551773
664702
1576198
695018
109744
7138
374976
764464
9939
61073
334151
971616
513082
611
133642
297604
132096
1092240
55943
59683
151248
114958
1288010
1096679
1222264
39901
33409
272320
10876
879799
117853
141244
7686
29280
37811
205439
218458
33409
76438
175526
614384
45600
55776
3158
530963
848902
160459
448
76830
583738
27259
206401
199710
81203
58823
1738
242554
705076
1560259
14448
23110
218128
330076
648658
437578
922759
275280
1251360
337840
711622
1854736
43216
1152160
13
1099642
168778
134419
371951
915979
33280
2662
40611
111154
432913
922
1443299
1126
141510
632811
791909
678028
36313
12878
29888
1201248
104651
118826
7379
85282
496006
6103
1665310
3959
363802
929564
19600
90949
11024
611616
1265638
6610
580501
2344
2176
34714
640710
1049074
150150
65883
257043
1248
996870
36854
354059
870538
372382
43511
106720
1317063
1086336
400063
49611
142
136763
720
352378
254896
732048
64798
268642
318001
1235590
44251
64259
7501
128016
1348901
11173
46358
151248
201928
93310
1092979
307326
86943
807083
663550
654938
3278
469478
1373651
1122000
703889
7563
16651
324816
765701
34189
20908
312443
951508
281998
661248
1398626
78802
251
279002
81001
67526
1168918
1206679
303029
290320
454102
30133
339486
28558
66976
264990
1249778
1226959
26679
142576
721799
4948
159046
146880
543401
1080448
31499
326834
95264
1432276
502000
108576
1710323
138863
28918
51038
48670
921401
1283200
6382
43069
499998
27964
114240
1350544
10222
142843
597322
186048
9110
716402
1227743
955651
593
1079
297990
68079
71251
719998
466093
322804
389401
557566
50719
242206
448
4998
439920
770038
94828
25423
5884
288038
158201
312048
47123
1768
109043
716403
199394
112811
1358774
1090763
676282
20400
28559
447456
1035359
109744
176713
827539
686790
237014
7999
1045456
573519
220446
486589
46511
518669
138863
625519
222109
349
806448
278629
354059
255968
28201
203201
308111
239430
13201
346110
24640
36718
715206
397830
769418
51038
249922
119803
365510
7748
944623
489059
428736
11024
1074576
1287208
99456
95701
67894
617158
103966
92233
673958
229
608302
1348901
346526
169069
223444
12088
499998
830114
272320
281623
66428
117126
264990
719398
310864
660673
7198
74689
14533
122263
20908
282750
264990
641276
224113
4093
21630
798214
1569990
110918
310864
296833
520708
2448
125498
1122000
92448
21011
500999
184223
6103
83434
64
491534
820478
158764
289558
240816
477751
283879
16378
611
115919
360399
167908
42630
56614
128776
92448
525823
76048
34058
188
238738
43954
129030
40184
11323
126000
119803
1409518
206401
57968
489059
256326
2590
801376
361673
1369511
263899
768798
459839
978599
1566
39478
313234
365938
12959
802643
185743
17482
65701
1450103
329670
36990
262086
597869
265354
348193
345278
295294
541318
47738
1230878
104194
192198
168779
137548
114479
59511
47893
172283
1130254
228824
746640
668166
67159
13364
8063
4998
688549
624401
490543
295678
96139
1638953
79998
2886
104194
857393
715206
384562
876486
216151
123006
685618
24529
18334
466093
5149
1113776
867243
506519
359126
4369
614384
14279
182406
79399
434776
17018
33798
6901
5251
52810
130814
9868
124998
628319
507526
431054
50242
82822
20098
682
489553
281248
53136
442738
854122
170818
259558
297218
671059
988
1095938
53299
18334
562328
35243
34189
233584
63011
7686
178203
307326
40610
234953
93743
95701
705670
839
144989
106258
388960
195623
807718
2310
5669
2663
78604
516634
82010
171110
145528
433
3279
949440
959111
139390
273428
77419
44549
28082
331703
19304
16743
228486
41183
616603
439451
294142
212876
1115269
135979
155401
295294
418
332518
3238
497501
240123
2773
261724
294142
4511
1047626
4093
63366
785003
5939
1376
450299
76
11323
1566448
129284
302640
63544
559680
11024
610
16926
126251
786883
42630
284633
735076
299149
2924
9043
34058
133901
38362
87151
294910
470933
802009
220778
622726
6843
51358
65520
421819
11173
100799
516634
37536
368080
15223
304198
411323
2590
164449
435243
334151
133901
56446
1606526
2886
2344
642976
68078
240
61073
3001
403200
511058
10009
216151
193129
124998
187882
176713
18719
260279
2310
266083
4751
70123
137286
3653
3442
392939
65520
386758
158764
274
523263
1452658
32894
494
362099
173459
430590
1983
879136
114001
570310
1124998
880462
62656
212224
744808
52163
40753
217138
463683
613830
21943
175822
19206
61248
538720
1701088
1031046
938448
44549
553876
129538
182104
1825003
573518
303029
581040
210923
448403
362950
101023
804544
350701
1983
1519022
3783
132868
33151
632811
43216
9382
53954
789394
16469
45751
1319498
335378
336
171110
69563
328453
55442
33798
3443
82011
246049
69562
1564679
336
69190
59511
2448
490048
478
119070
691486
428273
697969
1403
303808
367651
146068
392053
8254
19699
24863
950129
1011751
318799
509543
791280
257401
716402
935026
263536
43658
101473
526849
28082
108809
33668
267544
127763
263536
4184
106489
335788
47738
278629
50719
523774
859
286901
445566
292228
8909
174934
349864
21526
129030
129538
54448
61423
239776
197190
201610
209302
351959
686204
6270
214183
365511
162163
102376
261724
1179646
11856
111154
150150
30626
901823
611
62303
584279
17953
168198
3442
750311
269743
745419
95920
260279
1367029
1604734
4138
135458
19600
58651
50243
496006
494016
8842
136240
88618
261724
1495583
531994
11099
692662
6326
521219
759526
117611
286522
863296
63544
431054
5099
321600
129284
91804
441328
82619
435242
718199
434310
1457776
1531248
618826
507022
149329
475310
1210566
297219
1129502
989119
287659
57628
509039
22576
718199
952198
229163
78406
31876
215494
27142
907203
39619
3959
23326
60029
15574
215494
29888
1298
44848
69190
996164
40184
3198
475798
155959
123006
269009
269009
899139
1111538
695019
1391110
1006069
252759
226799
1429
1601153
287659
8126
21943
23869
95920
224113
28558
88619
186964
140448
26218
2276
113524
126000
89462
2243
46816
10222
818
509038
41182
265718
235983
3568
52973
314819
4230
255611
542880
17953
552824
33539
232901
175230
472390
168778
481669
8909
489058
202564
2519
610510
653223
34058
49610
592414
7748
19798
1547918
752762
1709
1027459
321600
2209
137024
138599
304588
121276
545488
102150
1391110
1510
1365376
447456
179
655511
1364550
1326004
635063
377144
6668
149329
86734
16198
2448
463
3739
273798
22576
132353
57628
43363
412230
750310
1334159
53
392496
1230878
425040
59
983501
900480
382373
378883
201928
59510
132868
4184
1512928
30256
13120
445566
6
157920
1101868
37536
81001
1983
119070
51198
6103
131070
659524
3198
688549
188496
35643
947374
1044011
41326
1242674
814724
490543
593503
3739
41614
546533
1303303
79798
14876
342790
256684
212224
146609
376276
752149
107414
30379
85283
1982
288039
48514
441798
393826
98123
133642
110683
567643
230179
240816
19
63010
33022
143
286901
43
7258
658376
390284
354480
11323
190342
1003234
1292830
128269
98122
349864
89886
48826
793168
30011
647520
104651
1223046
210923
129284
1464614
421360
19600
275651
20098
1376968
35509
77813
15840
281623
293376
65159
563389
1319498
108110
11024
385001
880
1680
122263
626079
645814
98344
54944
8254
18816
502501
61248
86318
74111
70686
6496
84870
730234
341136
1534750
359126
91590
433844
71818
25086
64618
201611
665856
601154
459359
134938
1420453
186658
9043
11248
163018
35243
230519
25876
69936
160459
44848
92018
1784159
109744
223444
63010
106720
92018
26910
384563
920722
76
163590
7501
100126
11474
966743
124998
1236376
82619
275651
654366
40611
91590
87988
229
756448
1149126
16560
340310
758
109276
742979
709834
3
27728
33798
587526
108111
366366
238738
12244
38919
1560259
65339
130558
838
77419
93310
1348080
63722
989119
393826
51198
44549
586443
354480
240816
10009
338663
234268
27026
263899
120293
506016
640144
966
12959
14618
648089
20603
1033920
1246618
172282
48
142843
622726
1364550
263899
1252151
30998
1288813
889776
207044
90949
63723
103
298762
81202
44251
836569
127258
47430
199710
818
404
1146853
338251
19799
38086
1951
183919
503504
45600
22153
881790
106951
1042566
100350
42923
398722
179998
77223
334151
545488
151248
45903
484126
7379
382373
49768
712816
103283
1709399
764464
676864
88198
1405324
1828
881790
4048
471418
296063
317204
34189
91590
264990
1566
135458
276023
130814
7873
40753
1079
189418
159046
716403
555983
147966
1433123
875163
917333
444151
9658
963270
1545280
977200
443680
1169683
324413
313234
293759
48048
3568
494016
230858
1049074
506519
44998
1159001
314026
21526
192508
5939
452198
40043
146609
4463
530448
210599
673958
2448
1726080
58138
149056
138599
75853
43
18143
492526
7810
123254
850206
71440
170234
513082
432448
1185798
392496
134419
400511
444623
450773
76830
37126
445094
518669
93742
84664
485110
694429
1633526
25198
283879
6668
922
646
1385278
112099
1296048
215166
118582
67526
190034
410869
17576
1421296
14533
683278
5303
59511
655510
57968
151798
2590
271214
92879
88618
11398
1248
988
349446
946686
288798
1982
232901
26448
266448
1037518
1566
7440
1107070
375409
1566448
1133263
18913
9043
639578
1566
652651
89462
130814
113286
220114
10366
540798
721199
7319
191269
30750
114001
14026
10950
73151
737503
922759
181200
1500776
47276
297990
260279
40753
335788
536128
72960
27026
550199
665279
6
34451
885779
122016
9451
91162
707453
173458
407702
419984
409963
300698
1488673
398276
398722
37399
50401
982099
923439
20299
64798
226462
321600
1679026
904511
645246
225119
404
71062
31624
298376
53299
713413
22682
48514
70498
388519
1033
468994
183919
2810
181802
484618
368939
235983
1057783
43363
1350
18143
833338
45449
1582419
130048
188189
714608
798
641843
11173
576
196562
42484
794428
358703
952888
375842
1566
530448
585360
310
357010
1402
790651
23003
1060694
63188
592414
41183
42338
59683
61598
313630
500498
822401
18816
1104096
431054
162733
116884
554929
2963
1165862
24974
83434
169
581040
799478
1859
121276
16834
14448
10729
23760
771901
874501
5098
36990
6439
93959
506016
1709
688549
226126
10729
664703
169942
16560
70
81808
1279198
738718
701518
17859
92663
33798
564451
290701
1225393
758294
163876
429662
258478
140713
877810
8909
17296
176119
877810
198763
247102
9246
112810
1256110
1768
575126
598416
43806
294910
229501
4276
112810
182406
86943
1534750
1084126
79200
17859
448402
1115269
176416
81808
785629
1456
1100384
270111
520708
1190423
527362
15049
3119
13776
861983
297604
344863
1529498
1146853
421360
7748
973708
135458
82416
1088548
527362
209302
58994
7078
43363
492030
524798
134160
321600
56278
18622
887110
27846
318400
706264
151523
804544
69749
1203574
377144
62833
361673
177606
1131758
235639
1324
1132511
341963
1776610
1119006
167908
10009
55943
3040
41759
543401
232560
60550
515111
55776
51840
158764
147151
2143
70311
90736
1424670
168779
5993
1065068
203839
1629011
99011
1051248
95701
342376
990526
889776
57628
54118
233584
264626
28320
540278
893782
351539
99902
350701
7440
237014
48359
807719
25086
1051973
10803
627198
18239
1233233
236670
282374
1294439
514603
261362
751536
1205126
64978
42923
16378
6611
33151
1433969
230519
85076
567643
146609
504006
111626
959110
531994
325622
232219
12639
341136
450298
712816
12011
447929
257042
122758
973708
55609
457923
179698
1154438
8190
54778
302640
129793
12798
430126
60376
452199
6496
722400
1288813
54283
1063609
47276
89040
223444
14533
1152160
2014
23003
371520
321600
1311388
34058
383686
5830
143914
85489
1429
487576
33023
1056
423198
20501
223444
135718
82010
172282
37948
860014
3568
92448
56278
239776
1024594
41470
250984
5563
749698
34189
1982
189726
258478
357433
552299
1715876
930928
3401
1404486
1156719
398276
682694
304978
126
14618
678610
137810
14533
946686
113524
317603
767559
163019
9178
305760
13528
1562026
1127249
340311
349864
248158
57289
444622
63010
148783
99233
61248
58309
22896
14363
10009
118339
3158
28320
544966
135979
34
974406
349
3484
3238
269009
568709
52810
21319
274909
4230
97680
1363724
129538
61423
22576
630563
28320
17389
758
48203
165598
38640
39478
34978
8578
18719
494
600606
1139293
533026
3568
445566
178800
38640
63010
1046179
161310
144989
1680
155122
669901
365083
58822
351539
203520
284256
153733
1585979
419
24308
38224
107183
776879
957034
326834
658950
1563794
768798
846949
43216
370228
112573
275280
57459
66428
174343
1516409
4751
23978
76830
359126
332110
752149
13859
44400
786256
687962
29280
672218
9178
701518
376
1828
672218
210598
5563
701
78011
231538
150150
235983
639579
1018876
255253
482651
247454
1331710
13611
576199
543922
1858
238393
816640
60376
848903
298
37948
69562
628
56782
1051248
486096
199394
753990
72578
668744
75853
559680
70874
576
138863
484618
1063609
1233233
41470
30626
14110
13859
142576
200026
38640
549674
140448
2810
8976
39058
540278
14026
595684
297990
714608
34846
332926
258119
588611
448876
26794
200976
80599
440389
1114522
151523
56614
5723
99903
1256111
5251
703296
285011
769418
267178
77616
3119
259558
98788
8319
48359
513589
1339064
150699
1739
52163
1465470
151248
726613
79001
47430
875162
1594003
85076
167329
294143
895120
259919
42923
1121251
88829
271214
312838
381936
179399
609406
30379
242554
459359
43069
41614
10438
2276
6553
64080
1456
1369511
244998
1198924
636190
119558
1278399
74303
362950
40468
7258
25762
87988
65520
637319
76438
747251
683
21319
103056
466093
67526
91376
109978
2046
47430
505010
12010
58309
444623
88618
24308
153456
171989
102603
1283200
741151
20704
9520
75464
1205903
165598
1456
286901
16198
362950
633936
502501
401854
43363
280873
29159
22259
39338
96798
52810
30379
377144
326834
968830
262086
18622
5406
17859
772523
337019
53462
4369
249216
920722
227810
297990
1313008
579963
262810
144183
203839
269743
754604
118
265354
195311
1468039
240469
1337428
339486
1222264
122511
24974
349028
9589
1468039
580501
144720
752763
196249
137024
229163
58822
5616
666433
253114
629440
3442
885113
502000
97459
2518
254183
4849
948062
294142
12480
778
14278
503002
646383
413593
726613
280124
84253
1267230
334969
5200
1347259
12166
394270
77222
52973
20098
812173
537164
82416
672798
214510
1546159
114001
179998
479708
3610
88198
1858590
514096
565514
26104
950819
244298
37673
97018
23651
109744
317603
265354
121276
48048
1421296
778750
107182
178501
802643
82416
23979
892446
34
622168
1314629
75464
5776
18143
120784
6668
209950
689723
331703
52163
13943
930246
322403
37126
17296
1115269
619382
70
22153
70
665279
349028
4558
336608
136240
133126
517142
6103
161026
6270
24088
188
414048
15398
33538
2590
2378
34
61423
487576
1330079
382373
1299
38640
586443
136762
15574
171111
187883
390284
128522
487576
123006
500998
741760
6103
79200
1450954
34846
916656
59338
52163
1168154
26563
576
8776
48
360399
58138
1232448
1018163
1006069
250276
981399
38919
873840
173459
470933
248158
13528
228824
25536
62833
1186568
1324
467059
727216
16
48359
434776
650939
856738
438982
8
1670790
1008198
223778
34320
205759
542880
49926
101248
85903
43954
2590
14963
941190
309682
605548
12798
965353
883783
48
14110
82
310
253114
303808
712219
149329
53463
436176
123751
106028
701518
99011
155959
49139
122263
385879
169651
376276
500498
774388
72579
706264
87779
1140048
2699
314819
53626
410416
314422
664702
10080
47123
45148
62656
357856
1206679
80800
1600258
103966
195936
81404
1194283
378448
211573
3040
89
61598
175526
211899
146880
1049799
157359
659524
89
73918
415870
98566
50401
288798
20704
1372822
7138
328453
843699
38640
115198
5099
6158
1771901
247806
243600
1828
117853
760142
374543
2554
13859
124249
22576
312048
39479
818
680359
592414
2518
239430
678028
485110
55943
318799
67894
158764
7936
66976
133126
24198
168488
219451
101248
560738
73918
44549
64798
341136
314026
90098
70123
142843
1499910
695608
426424
12718
77026
63901
72960
1006069
930928
370659
27376
1158240
132353
1407840
739
304588
610511
838510
38086
283502
430590
197190
134160
984904
208
352378
400063
63901
380190
1041123
168778
632248
549150
29644
100574
6901
519688
28918
110683
34320
1339064
54778
26333
87360
223778
105568
115919
170234
26333
19206
502501
93526
498499
21630
47738
586442
121769
531479
19798
875162
948751
75659
119070
409058
2810
274909
13859
544966
9798
262
267910
103510
1221483
456966
1029610
3783
414503
1065068
848251
226463
98344
2483
78802
961189
328858
35110
511564
146880
5563
277883
89
712219
144989
701
786883
973708
485110
12559
21319
15751
247806
55776
434776
26794
167908
58309
1079713
102150
118582
64
11024
286523
432448
34451
503504
34320
130303
88408
173164
269376
550198
1216018
923
70123
47430
449350
584819
450298
441798
701
209626
1275202
42922
131326
54779
656083
222109
247806
481669
123503
1108559
481178
472876
178
872519
62126
785629
288418
21630
175822
1355479
61599
317603
156798
498499
256326
1011751
229501
428273
205118
7440
167040
10803
779998
200026
805813
119559
714608
237359
1566
430590
523262
549674
52001
19898
39338
1046903
88829
1129502
82822
5510
28559
341962
243600
22683
474823
34
27142
27610
190034
424579
61248
23
91590
9043
10366
218
21011
188
361673
6270
245699
657229
237703
674539
905856
155123
41470
863953
24418
92018
211573
56111
218459
15310
226462
1066528
901
11779
414503
183011
204478
123751
642409
87151
46816
16108
342790
1560259
50560
667588
392496
370658
15398
165310
52486
654366
3653
423658
7936
8190
66976
1709
23651
1230094
37810
288038
158764
14533
790022
239776
27259
58823
151
26104
29522
793168
127006
144720
43954
1146853
3484
514603
12958
2663
79798
39479
263
1889
939133
120293
625519
103056
16108
61598
802009
1275203
200343
507526
152350
41903
440389
16651
211248
453150
225790
1103
1768138
273428
17296
2663
939133
1317874
196249
1157479
9314
753990
53790
8383
195936
180598
433379
46663
31624
5149
272320
152903
18334
14618
349446
330889
149329
5723
422278
81001
25086
918011
62303
1086336
35776
368509
291083
459838
864610
1153678
100799
195623
337840
61073
301474
3279
250276
500998
200342
611616
748474
403200
208
144989
1256903
1146096
409510
1233233
885113
118
25311
857393
201928
114240
73918
881790
239084
1447549
515618
5776
1519023
48048
484126
66064
76
706264
74110
72769
342790
38362
1622
9314
114718
251338
413138
665856
14363
255253
1768
555456
64618
3526
409058
275651
339898
417696
1511189
76438
356166
389842
74883
89463
151
690311
634499
254896
541318
194374
326026
1088548
5099
38640
245348
1556728
348611
39901
1316251
946686
19699
453150
587526
6843
42048
19699
795689
482651
1441600
656083
666433
9178
342790
1410358
675701
114001
11703
585901
371089
1615501
617158
340723
714010
634499
3118
3001
54778
1047626
114479
1042566
28201
1013886
2886
197818
59
427811
196249
89
2046
1174
107183
101023
103738
33668
3319
50879
513083
768178
281623
38640
25762
960496
157358
542359
143914
251339
1538
24862
219782
362950
608303
381499
4800
251339
668166
142576
88619
1276800
289178
53462
73534
256326
1043288
7624
145259
229
39198
67710
308503
96
944
262448
631124
170526
17576
256684
104880
142043
27259
93526
5048
3238
72388
510553
237358
93959
312048
200026
26
39338
665279
350283
199394
3526
899809
385879
302640
196562
38918
74496
1174
368080
29644
146068
141244
299536
85489
617159
36313
69936
2811
234268
1517280
900480
881790
437578
1311388
255968
8448
63723
631686
91804
229163
74883
554402
1045456
349446
167619
155122
192508
259919
150973
149329
2518
1731659
738718
79998
1418768
1121251
929564
95264
1112284
238393
91376
340723
283502
44103
303418
390726
356588
191269
257760
899139
1005360
1296048
438046
465128
114479
652080
887110
51840
104194
229
550723
134679
408606
1755936
102603
65701
303419
131326
196876
19998
48358
24974
27964
114001
122016
1151401
798
2699
549150
1593111
244298
1593110
195623
183616
258119
99679
40611
385440
840454
2848
25763
446510
25762
7198
213202
98344
1798
1298
15136
2176
117368
588610
307718
6668
231879
66428
22470
31624
304979
186048
390
622726
539239
213529
907203
12244
1809751
90736
87779
120293
1526003
417239
28798
521729
901
564451
459839
895120
301862
137811
12166
767558
431519
490543
101924
202246
471418
221776
10510
687962
553350
72198
120048
282374
574590
10950
1769078
118096
13693
1709
32256
59166
157078
100350
310470
2276
102150
249216
9314
235296
438514
40184
13201
51358
559
24751
17018
58651
414503
336608
143646
1285604
567643
838
116884
51358
259918
169943
118
163304
153456
395158
969526
2413
39479
879799
1450954
13693
18334
419984
10438
1353833
959110
655511
334560
18430
13942
2699
436176
119803
47276
212550
25086
795058
208333
1405324
176713
549674
240
324011
566578
304979
589153
52810
40468
25649
169942
1339882
82619
70874
7686
42630
49453
26563
211573
354059
14194
185134
35910
332110
136240
1109303
163018
283879
584279
884448
669323
895789
64798
2176
678028
584819
217139
107878
28798
178800
59166
110448
1465470
259919
175230
60376
328453
664126
254539
154010
241163
30010
1107070
443680
206723
293759
1350
15311
228148
558623
68448
157920
59338
155959
10438
493519
473363
622726
973011
970919
274538
1429
66793
21319
679776
136501
176713
182104
713413
675120
648658
701518
41903
848903
286
30503
712816
464646
197819
149056
916656
1466326
33798
82619
460798
38640
318400
3696
576
242903
199710
215823
481669
162448
811536
553350
427810
780623
1215239
94611
182104
10729
73918
405448
17296
969526
149056
362098
115438
3783
34978
23651
337840
196563
1073843
346943
203839
114958
3198
688549
40042
1622
627198
1400299
660098
120784
23434
46206
239430
1102
886444
61950
689723
1191966
52811
39478
335378
304588
29280
72769
109978
829470
39901
104880
6496
64439
256326
168198
502501
40042
497501
133901
62833
25876
4276
212550
395158
35243
24863
735076
168198
292228
94393
249922
593
58
8842
80599
1680
153456
212876
7873
735076
378448
345279
3870
1402
848251
231198
1081183
146609
266448
133901
107878
223778
14278
57289
221443
261724
26910
726613
1024594
102829
423198
14618
11856
170818
518160
2310
273428
235639
27259
61598
948751
2810
782499
486589
12480
184526
14963
26910
33668
169360
44400
560209
287280
72578
1386943
101248
419526
40611
1134769
49926
222776
122758
95482
39198
985606
298762
469479
20198
83434
195936
460318
27728
400063
382373
4138
12088
47893
627198
3279
695608
177011
847600
258119
359126
4558
482160
19403
20704
195936
95264
31373
1049074
16288
595684
13
121276
242903
111626
248511
1241098
188
33928
1082654
1088548
590783
66246
56951
216151
181200
594593
108576
434310
264990
161310
323206
38640
1150
1358774
178501
293376
1548798
901
298762
44103
62302
148238
1025310
408154
52648
178
4322
533543
228486
274168
564983
185134
524286
53299
130558
238738
347359
34451
3526
523774
57120
232901
423658
1982
420442
15486
124998
5722
103510
625519
1159001
540278
370228
692662
15049
254183
109043
1238736
239084
2554
31248
308503
44998
584819
804544
94393
199394
756448
1443299
20704
36178
33798
465128
8126
179698
430126
477263
198448
364229
1036078
245348
10656
37810
1983
823042
406800
323608
6726
365511
212550
1265639
182406
187882
760143
89251
231878
8383
83230
258119
68633
10009
25649
554929
229
552298
3158
294910
101473
7936
64
161594
293759
142043
69004
525311
34978
52162
6103
702703
651509
46206
290701
135458
33280
240
352798
429199
99010
871858
43069
195623
1376
6496
65520
15223
509038
547579
1010
125499
598416
260640
1316251
662974
642976
790651
217468
357011
585360
365511
175230
56278
307718
103283
657803
728422
2310
1248988
438046
60550
304979
237359
189726
690898
242206
33668
682110
510048
425040
11550
219120
458401
109744
157359
207688
141244
277511
484126
33280
1130254
14026
296063
11933
290320
968830
22048
48670
509543
36854
2924
579424
599510
66064
219120
611616
739326
289939
698560
126
299149
1078244
56111
405448
111862
150150
11933
70
1126
194686
265354
319198
1453511
264990
525823
252403
168198
543922
504508
450298
292993
22258
153179
231198
95701
141510
380626
246400
54613
1019590
479708
24529
16469
224113
1651
50084
431983
11550
70123
159893
177904
190960
444151
771280
26333
1174276
28439
22470
874501
791280
112099
159611
29888
16198
446511
219451
492030
547056
622168
27376
489059
729026
723602
5830
167040
831403
17953
657803
55776
11248
268642
3568
862639
180298
214838
185134
760759
563389
16019
949440
598963
254896
461278
750923
301862
17859
7811
2209
23542
33798
232219
14704
3826
188189
1047626
604448
257760
98566
175230
1623
91162
1145339
86318
427348
7624
102376
440389
1538
998282
288418
272689
29159
349864
415414
639013
995458
656083
1371994
718799
13
1246619
19
177308
791280
17389
427348
527363
11550
616603
117368
721799
4003
49139
75464
54118
880
462239
108809
1205126
1350
27026
1468039
192508
122511
110213
426424
53
31876
153179
94393
739
3040
60724
337018
4606
316408
160176
468510
80599
204478
327238
13039
4703
40326
90949
2413
12559
127763
111626
1396954
320398
20602
3079
980698
1550559
255611
517143
55609
319598
30626
549674
3739
132611
32256
3238
730234
169
739
923439
26679
368080
390726
726613
222776
267910
720
122263
193129
6901
354901
619939
29523
1739
312838
34582
9178
1162810
10222
1012462
331296
65520
131583
29159
109276
392053
1092240
288418
582119
712816
374543
117368
200976
110213
71819
33928
151248
336
575126
41326
171403
167329
113524
11779
34058
745418
764464
68633
194686
54283
58309
10080
147151
1483501
25876
441328
5723
32129
206401
645814
17764
92019
154288
137548
114001
624960
1157479
11323
877148
941876
620496
5303
251339
130814
2046
14704
624401
88829
42484
125498
10583
70498
241858
8448
818
10366
1198
237703
425501
278256
305760
329670
357011
98344
63188
210923
169943
179698
751536
455533
432448
274538
1282399
14363
751536
36313
13
73918
553876
44400
2111
826253
343619
587526
234953
1288813
39479
1454363
68819
274168
401854
26794
220778
11856
191269
333743
120293
4323
82822
112336
25198
376710
37948
116884
85076
82823
749698
78208
111626
106259
13364
766939
1178110
176416
56951
1548798
15929
669901
673958
55110
841102
86318
1047626
826896
16288
368939
132353
1257696
614938
720598
554929
962576
25198
171989
220446
174343
10009
798
22683
474823
8254
649228
635626
274
9798
64439
95483
457444
26448
63010
765701
1040401
179698
19206
88198
56783
921401
146609
68819
1662574
8644
288038
53
22259
736289
332111
866584
36854
46511
551248
285010
209302
393382
134938
307326
183313
635063
444623
473363
19699
3870
482651
38501
281248
202883
557566
59856
83026
453150
347776
96578
251
46054
107646
1317063
507526
23434
123502
36178
522240
4800
37126
234268
56446
279376
500498
553350
369798
175526
91590
770038
69936
1143826
32256
353218
1059238
496006
5830
145528
139654
1636239
14533
141244
3870
766939
354480
623842
1062880
183011
557566
6668
374976
762610
533026
724806
773766
103
23111
1300076
470448
152626
1126
10583
57459
858048
313630
137286
4511
192508
1212122
227136
643543
51518
651509
2483
973708
746640
14278
489058
291464
247102
352798
527362
12011
37811
272689
235983
560738
150424
16108
6048
57628
32638
185134
183010
11173
930928
8
988
863296
746640
95046
174934
4849
1606526
685033
415414
181802
824326
1404486
8976
89462
629440
21113
17670
112573
2014
58309
1023163
562328
13446
413593
128269
89463
159046
122263
372383
606649
4654
2276
55776
1337428
21943
1356302
87360
54118
1061422
108576
311653
1401136
888443
39479
14876
154010
1103353
79798
306542
1674448
1768
670480
36448
1585978
51038
62126
697969
445566
58994
751536
735683
65520
503002
669322
1920
302640
252759
100350
18048
211248
13201
346942
1288813
82619
31498
57628
177904
74882
1201248
346526
302640
104194
670480
525310
3484
155680
91804
715206
437110
288038
104880
187270
1118258
436643
38086
154844
53299
1397790
20098
10656
3079
507526
776879
14110
140979
424118
271214
500999
44848
184526
282374
99011
248158
1397790
275651
765701
12718
365938
570844
78208
28439
1199
585901
873840
242206
1046902
277883
626079
48982
153456
111626
11626
1059238
622726
1169683
21526
15398
34846
20806
1018876
830114
1158240
225119
193129
1330894
23326
19600
488070
157920
18913
195936
91376
234953
358702
23651
10222
5511
745419
841102
1011
1402
25423
17953
1281598
133126
380626
25762
267910
53136
155401
149329
1606526
195310
855430
354059
662974
711622
76634
484618
435709
20602
85076
9728
11626
49296
252758
1354656
417239
182406
245699
1501642
418610
621053
539759
56614
1457776
623842
1889
39760
215166
479
92018
276023
22789
186964
290320
89040
177308
551773
155401
349864
217139
77813
342790
648089
576
92233
31248
560739
416783
115198
10510
370228
970223
112811
1016023
248158
636754
216480
413138
51840
721799
459838
835923
1195829
390284
10223
600058
2310
336
16651
146338
433844
38362
3278
1065068
113524
640144
778
50560
257401
1920
274538
169069
381499
335788
648659
127763
278629
9314
664
146338
251
764464
167329
7873
424119
1547038
6726
1647110
1231663
512576
693251
274
133642
62479
253470
161879
242206
543
11550
371951
18048
220446
211248
87151
128776
764464
239430
138073
665856
1566448
520198
170526
278256
979998
1343158
730234
1102611
70874
463201
299536
41759
824326
2773
137810
22682
8190
26104
9728
746029
47584
26448
75464
312443
8842
1175043
1200473
635626
222776
36854
49453
49453
3118
315613
103966
277138
399616
74111
622726
254539
466576
171989
145258
174343
58309
1233233
796320
149056
171989
316010
29644
259558
63723
45148
565514
1693718
69749
91162
30874
262448
261724
346526
929564
247806
99679
378013
96798
55276
1177343
16198
22789
31876
260279
383686
613276
162733
134
62126
17296
239776
188
7440
14876
125248
544444
270846
42923
231538
234268
139390
6726
373246
70
463683
16108
159046
445566
657229
1981043
7379
37948
170818
302640
909224
175230
331296
25763
513589
333742
61774
201293
342790
1510
19206
78803
16560
1178111
112573
6103
369798
200026
1150
58
621611
438983
54448
1229310
837216
7748
253826
5776
876486
214511
826896
1031046
43216
541318
944
268642
16651
128016
109510
143
156518
54944
1511
760759
54283
48826
9728
593
55609
498998
919366
20501
29401
190034
121030
96
537164
200976
168488
266813
8190
16
112573
37673
45299
10950
254539
3443
56110
510048
334969
4369
13859
161878
576199
1202798
23003
147423
388960
277883
61248
703296
77222
229840
316806
105109
179398
253470
292610
457444
686204
74110
28798
207044
10
392496
165311
59
4702
29159
223110
690310
585901
338251
15398
235296
113048
197819
528904
417239
93526
97680
27143
7440
566578
210923
19699
179099
376
10950
214511
765083
730838
1371994
850858
399616
720
30011
332926
216809
51840
4416
970223
897798
71251
229
232901
335379
438514
213856
265718
63544
147694
134160
145528
195310
224448
568176
403649
67526
944
254896
63011
241163
69562
122263
25086
299923
330889
1023879
1218359
24529
453626
196562
705076
677446
451248
1016736
598963
120293
1086336
6611
497501
526
687963
839
445566
889109
443209
204478
156798
15311
628
1738
241510
26448
92233
430590
28439
3870
5776
42630
180598
771901
702111
348610
513589
70123
2773
8710
123502
1358774
187270
298762
168488
1391110
2276
27964
1011751
106720
76048
1028893
689136
267179
3360
23003
268643
638448
38363
87988
11933
56446
148238
36719
126754
791909
300310
394270
15398
141510
17018
221776
42048
109744
225790
327238
23434
852816
1053424
1859
173753
1983
877148
120048
6214
1798
135458
66246
52811
21010
400958
37948
4369
1223
119558
3826
1225393
9314
46054
561268
205438
397384
107414
182708
166751
46054
633373
66428
23978
432913
423198
146609
224448
52001
250984
15663
116643
772522
207366
963270
727819
606098
350283
938448
337840
236670
64618
502501
302251
176119
34320
133126
1018876
88829
562858
1482640
86110
239430
228824
349
534059
137811
92018
483143
1376
438983
23651
9314
67343
473849
7936
3783
833984
136240
4
246049
6960
35776
597869
30
212876
500998
169069
14533
1010
1087073
328453
334969
71062
102603
418
108576
290701
2736
3914
353218
1249779
68263
641276
7198
60029
374543
1013886
121276
184526
215166
10950
502000
1001111
719398
1813558
15398
1234804
741760
3484
1178111
399616
509038
288039
107646
392939
43
126000
16469
161594
54448
255610
979298
20501
850858
95264
883783
865268
161878
4558
1536503
527876
146339
1488673
179
694429
2663
1651
6553
280873
727216
645814
138073
125749
1258489
162448
109043
778750
15486
895120
433378
117610
129284
543401
12322
894451
71819
87569
3610
44848
392939
839158
1690958
576736
22258
635062
400510
32511
1385278
63723
1102
133901
807718
1093718
635062
21216
235296
177010
1324376
1078978
25198
142576
568709
491534
207366
628
40753
7440
59
224113
250276
1324
336198
361248
7440
56951
110683
259919
685618
614384
68633
1317062
19699
472876
889109
22
266813
549674
269009
610
1050523
911923
235296
489553
339074
77026
380190
188803
381063
584279
623842
648089
380626
293759
477263
41470
17389
556511
900480
10950
1709
533026
29280
69562
83434
33539
238738
1305726
1594
248158
96
233926
280499
18719
203839
178501
153733
575126
177010
685033
503504
633936
13282
3568
52811
396939
246751
130303
1306534
162163
1393613
6326
1398626
1067989
61774
28678
609406
110213
279750
335788
205759
296063
6553
61599
8126
879136
721799
498499
239084
452198
165023
67710
687963
800110
9728
129284
1477478
242902
17203
58480
659524
11248
2143
45600
851511
6843
1146096
69562
1149126
292610
2176
401406
540798
545488
57798
190342
323206
48983
209302
57628
335788
65339
268643
338663
137286
65701
271951
1147610
392939
78604
374976
286522
274
32510
266813
73151
197818
202246
1038959
6726
371089
2626
1250569
275280
6553
2111
323206
995459
264990
1714950
70123
847600
701
24751
9111
43806
588610
57289
131070
529418
17203
39760
161594
196249
3568
331703
496006
546533
448876
981398
50560
16198
302251
1048350
7379
378013
791909
576
133384
109043
74496
788766
267544
970222
126251
46358
272320
25876
446510
714608
838510
301862
36448
200026
7319
1102
19304
70498
184526
87569
1165862
20908
7562
202564
8909
498000
454103
1046179
408154
118096
181802
938448
476774
43069
188496
873179
152350
168198
570844
400958
184830
213856
3238
514603
11248
237014
1534750
3198
62656
951508
365938
848251
952888
231878
266813
35910
310864
610
103283
51519
90736
7379
576
571913
109978
248863
107414
24308
10510
392053
2110
1248
272320
1413719
557566
407703
285388
36718
7318
15574
104651
73726
34451
56614
38501
128269
34978
46969
17670
357011
47430
16926
510553
705076
209950
791280
311653
2663
99011
106720
44699
12244
794428
340310
1324376
115678
66064
421360
246751
245698
1678110
23110
436176
1483
464164
646951
140183
7999
646382
247102
29280
643543
567643
87778
226126
601702
77616
73726
85903
207688
4230
128269
153456
850858
128016
327238
11248
1642576
67894
1096679
247102
139126
237703
947374
9314
179099
45449
190343
531478
361248
1566
42048
742369
1920
287280
149056
374543
25763
1834568
287280
721799
5511
8448
17859
680359
647520
983501
495011
986308
33668
758910
696788
935026
133642
5830
504006
510
47893
359126
421819
113762
255968
42484
1077510
39198
133384
13201
1709
105798
1292026
959803
473849
89462
116401
1594
178800
291846
355744
2590
111
6784
273798
76438
585901
102376
27259
58994
141244
21113
29401
639013
5776
419068
140448
114001
774388
169
9798
907203
893114
853469
35376
496504
27611
828182
21319
170818
117853
173459
761993
761993
742369
179698
1433122
114718
3278
383248
23434
19501
664
968830
24751
729026
598416
14278
221776
1623
494513
149329
173164
56782
103738
110683
40753
170234
174934
22048
14448
407251
4003
85489
20908
9520
76
861326
690898
4899
865268
457444
943249
12639
55110
83434
143914
18048
736896
20806
160459
64798
968830
280499
246400
20908
472876
473849
161026
783124
48
1202023
2811
99010
173164
1345618
850206
25198
23326
27964
464646
276394
1028176
1541766
828826
584278
191578
79798
195623
64
122511
52324
157920
134
149876
1184259
235982
41326
880
118096
146339
3001
243251
699743
17483
315216
222776
1649834
497501
10510
310076
183919
2626
46054
11323
1058511
70
671059
70123
553350
48826
96
624401
137548
1174
19699
55609
2143
23218
1223828
10583
60029
440389
267910
51840
461278
1768
477262
466093
325623
133384
346526
80399
120538
643543
163019
20602
131326
936394
572983
918011
63010
126502
28798
57120
24419
759526
15398
138599
190651
65701
131326
1279998
228824
1264843
7811
57120
56446
251
5722
682110
60376
2078
176416
67710
124000
843049
155680
33668
35111
205438
283126
277883
332926
160
378448
45449
176713
512070
49296
133901
1013174
817279
68633
798846
4
149876
323608
1448400
22470
10802
415870
715206
232560
626078
208979
214838
296063
324816
325219
197190
433844
38919
70498
544444
271951
420443
59
435709
708643
176119
155401
576199
70123
226462
3319
16288
2962
128269
9111
33668
965353
813448
169
5511
415414
20299
1119006
239776
12798
4369
404
1322749
348193
208979
1002526
1223
209950
67159
17482
99010
151248
892446
137811
357433
189726
922
12480
703889
206401
16018
1429
260279
297604
21734
47123
43954
153179
807083
514603
28083
130303
394270
538201
276766
164163
11550
18238
944623
222776
110448
254896
879136
337429
76830
1321936
16018
14279
25310
516126
1196603
68633
1543523
349
119559
187882
78208
125248
50560
442268
449824
417696
34320
12401
1531248
592414
244648
186353
46969
495010
1284001
682110
1181182
590239
220778
143
1089286
8976
250276
5669
252758
1492990
77616
199394
795059
1319498
1348901
456488
175822
550723
224448
647520
105798
18526
17296
446983
479708
76439
482160
62656
36448
84048
185439
340723
25310
139390
304979
2209
27026
169651
712816
478240
40042
881790
82416
176416
889109
154844
4558
423198
22576
108110
699151
258838
540278
310470
574590
916656
16560
1680
48203
775010
1798
495508
286
76
65159
61073
291082
104651
214183
33928
369798
564451
1630816
437578
127763
101473
996164
71440
302251
873840
241511
14619
412230
117126
107878
86734
122263
1029610
1168919
254182
15136
42338
1028176
1068720
23542
134938
13776
404
47122
229840
42193
1488673
828183
187576
415414
798
326026
91804
81203
336608
848903
403200
253470
257401
168779
78802
20098
54613
429199
1059238
462239
60376
54283
511564
77419
756448
1285604
778
671638
198763
42193
484126
174638
398276
588068
280498
3158
4510
16742
261724
465610
14962
786883
299536
870538
110448
65701
73726
440858
13120
1025310
222442
31750
1001818
3610
23651
13943
19
521729
365511
274168
18048
774388
287280
408154
671638
771901
669323
230858
3278
344863
42776
32129
995459
573519
1472326
1126
79001
369798
18048
1097419
48514
433844
1297658
293759
273428
71629
63544
116884
8578
107646
893114
255968
17203
63544
550198
5302
1232448
781873
66793
120293
367651
966
621053
163590
86111
567643
267544
842400
533542
780623
53136
5669
65701
21010
69936
648658
536646
894451
130558
3739
1619998
2886
43510
352378
70123
173753
67159
13776
1648926
187270
114958
386318
26333
277510
5251
239084
848902
660099
590239
678028
2176
141244
424119
2626
233243
174639
316408
248158
53462
29159
583738
548626
336608
190034
110918
18334
718798
1307342
214183
140448
335788
169651
1056329
22789
781248
112099
45449
941190
69749
128269
714608
12639
49611
48048
1152919
262810
23326
72769
136240
46054
239776
69004
835922
229
20704
901151
304979
215166
346526
1107814
25423
96139
1241886
16018
259558
70498
41614
798846
82619
260640
10876
51519
1087811
1202023
351539
561798
73151
1212901
821760
48203
123006
150699
157078
11323
144720
50879
20806
2810
710430
13
641843
837216
114240
85076
771901
133384
1622
130303
167618
30133
11933
143914
266813
509543
1237162
1037518
115438
42193
390726
301474
370228
59510
9658
249922
19898
1360423
297990
396493
192508
287659
256326
59166
98788
19206
107182
51358
567643
59166
365511
883118
274909
72008
9868
4276
1234018
31248
42048
1768
175526
65520
690898
373678
1755936
566046
77223
1021018
1775668
75076
230858
300311
381936
1566
539759
1430584
19799
110918
1433122
408606
879799
7318
901
393826
49926
200026
141244
415414
82416
474336
809626
119070
30
369798
218
599510
13776
368939
46969
1742843
541839
1427203
274909
492030
82011
45449
732048
974406
612169
81606
952888
276394
374111
462239
1729798
291083
26104
121030
51358
56614
768178
11856
14448
699742
89674
70123
1483
962576
934343
51840
365083
991934
118582
244299
130048
8254
169942
498499
9798
798
500998
123751
390
25990
381063
118826
1
200976
445566
43216
1273
881790
70498
320799
24751
110448
82011
1171979
561268
130303
130303
843049
364229
1326004
71440
3158
150150
82416
33023
1196603
37673
147966
25649
50242
26
142
827539
228824
598416
136240
12401
114479
128269
671638
68078
26104
137811
288039
67710
7686
1863413
75464
15840
192508
3696
1608319
31624
7563
251
298
433
10151
2448
14704
21216
294526
20704
38362
559
518160
251339
99011
827539
1407001
1544401
502000
757063
714010
264263
182104
7810
819838
84870
141510
1656198
888443
124249
317603
83843
12322
99679
500999
77222
289559
419526
1178878
692663
409510
337019
159328
347776
731443
766320
6784
1205902
144720
35509
746029
22896
245699
78208
164449
317204
1199
30626
13
260640
28201
13528
9451
75853
258478
35910
74496
64618
567643
152350
195936
83230
374111
6668
74689
645246
2014
823684
1475760
38640
19
74689
13
1651
516634
306934
684448
169651
397384
257401
60724
1506846
3279
113048
160743
122511
497501
680942
316806
149876
524798
157078
134
682110
363803
710430
530963
550723
173164
193129
3914
160459
289939
208
4322
607751
23003
687963
5723
124249
615493
1264843
135458
880
613830
390
79399
8063
78010
697969
8383
2590
24640
467059
324011
165311
550199
46816
487082
107878
178501
155401
10
34978
1171213
166462
235296
6960
1619098
154288
2176
44848
111626
27376
703296
181200
89
54448
768178
752149
19798
51038
17670
93743
1416243
421819
628879
467543
65520
883783
260279
833338
113286
781873
739
681526
950819
1326004
1109303
7810
15223
198
40468
116160
273798
3611
71251
164736
134
6611
181200
48826
39760
163590
1250569
1594
1828
27259
57798
129284
263
9043
585360
24862
265718
113763
233243
109978
2378
35642
276023
286
48826
74111
398276
16
134
282750
648089
25876
548626
237014
1215239
859
177308
206722
262448
1220701
134938
183919
17018
429662
1120502
1613704
140979
88408
69563
83
338251
1303303
123502
23003
602251
525311
80198
568176
8842
32129
263
44400
143914
880
928882
2176
227810
715804
186048
1445848
260640
874501
16378
1951
737503
1429
20501
18526
235296
12718
288798
68633
80198
112336
312048
7811
11856
1033920
7379
597322
4751
879136
167908
250984
155122
11098
863296
277883
621610
843699
24198
346526
69004
9178
37399
205118
69749
48514
29401
92879
