190302 152528.748|CONFIG|main|setFileHandlers|Now logging to E:\hoc tap\algorithm\CTDLGT mr.Son\pc2Client\bin\logs directory.
190302 152528.748|INFO|main|info|
190302 152528.748|INFO|main|info|Version 9.6.0 20190102 (Wednesday, January 2nd 2019 01:20 UTC) Java ver 1.8.0_201 build 5102 Windows 10 10.0 (amd64) 
190302 152528.748|INFO|main|startLog|Working directory is E:\hoc tap\algorithm\CTDLGT mr.Son\pc2Client\bin
190302 152528.764|INFO|main|startLog|Process id is 10476@DESKTOP-1DUII36
190302 152528.764|INFO|main|start|Starting ConnectionManager...
190302 152529.123|INFO|main|start|Started ConnectionManager
190302 152529.139|INFO|main|setClientServerAndPort|INIFile File location: file:/E:/hoc%20tap/algorithm/CTDLGT%20mr.Son/pc2Client/bin/pc2v9.ini
190302 152529.139|INFO|main|setClientServerAndPort|setClientServerAndPort 203.162.88.119 parsed as 203.162.88.119 port 50002
190302 152529.139|INFO|main|info|Contacting server at 203.162.88.119:50002
190302 152529.139|INFO|main|connectToMyServer|Connecting to 203.162.88.119:50002
190302 152529.342|INFO|Thread-1|receiveUnencrypted|receiveUnencrypted(TransportWrapper, ConnectionHandlerID=Socket[addr=/203.162.88.119,port=50002,localport=63372]--7256448920766565163)
190302 152529.967|INFO|Thread-1|receiveUnencrypted|receiveUnencrypted Made a secret key for Socket[addr=/203.162.88.119,port=50002,localport=63372]--7256448920766565163 key is com.sun.crypto.provider.DESKey@fffe7b71
190302 152529.967|INFO|Thread-1|getPublicKeyPacket|Generating Unencrypted Public Key Packet
190302 152529.967|INFO|Thread-1|getPublicKeyPacket|checking key:= SunJCE Diffie-Hellman Public Key:
y:
    18c620fc b08640db a9e2eb0c b4976f42 c136e11c 93884a0d 261f6d33 970915a1
    23808d8c d6ad8b36 a1f22d01 591f2190 b783c558 e26b5027 3f4d5887 60884d63
    fd81af93 c9ea3b66 76a8d438 cf2c9285 f9af286d df97b0f0 5702a933 9752656a
    03384df8 49d42118 f95de839 f955fcb9 96d13010 ecae9357 ed63efc0 b3755844
p:
    f488fd58 4e49dbcd 20b49de4 9107366b 336c380d 451d0f7c 88b31c7c 5b2d8ef6
    f3c923c0 43f0a55b 188d8ebb 558cb85d 38d334fd 7c175743 a31d186c de33212c
    b52aff3c e1b12940 18118d7c 84a70a72 d686c403 19c80729 7aca950c d9969fab
    d00a509b 0246d308 3d66a45d 419f9c7c bd894b22 1926baab a25ec355 e92f78c7
g:
    02
l:
    512
190302 152529.967|INFO|Thread-1|getPublicKeyPacket|packet:= edu.csus.ecs.pc2.core.transport.TransportWrapper@288c55d6
190302 154705.704|INFO|Thread-1|receive|Exception in receive for Socket[addr=/203.162.88.119,port=50002,localport=63372]--7256448920766565163
|java.net.SocketTimeoutException: Read timed out
|    at java.net.SocketInputStream.socketRead0 (Unknown Source)
|    at java.net.SocketInputStream.socketRead (Unknown Source)
|    at java.net.SocketInputStream.read (Unknown Source)
|    at java.net.SocketInputStream.read (Unknown Source)
|    at java.net.SocketInputStream.read (Unknown Source)
|    at java.io.ObjectInputStream$PeekInputStream.peek (Unknown Source)
|    at java.io.ObjectInputStream$BlockDataInputStream.peek (Unknown Source)
|    at java.io.ObjectInputStream$BlockDataInputStream.peekByte (Unknown Source)
|    at java.io.ObjectInputStream.readObject0 (Unknown Source)
|    at java.io.ObjectInputStream.readObject (Unknown Source)
|    at edu.csus.ecs.pc2.core.transport.ConnectionHandlerThread.receive (ConnectionHandlerThread.java:151)
|    at edu.csus.ecs.pc2.core.transport.ConnectionHandlerClientThread.run (ConnectionHandlerClientThread.java:65)
190302 154705.704|FINER|Thread-1|run|THROW
|edu.csus.ecs.pc2.core.transport.TransportException: Read timed out
|    at edu.csus.ecs.pc2.core.transport.ConnectionHandlerThread.receive (ConnectionHandlerThread.java:161)
|    at edu.csus.ecs.pc2.core.transport.ConnectionHandlerClientThread.run (ConnectionHandlerClientThread.java:65)
190302 154705.704|INFO|Thread-1|receive|SocketException in receive for Socket[addr=/203.162.88.119,port=50002,localport=63372]--7256448920766565163
|java.net.SocketException: Connection reset
|    at java.net.SocketInputStream.read (Unknown Source)
|    at java.net.SocketInputStream.read (Unknown Source)
|    at java.net.SocketInputStream.read (Unknown Source)
|    at java.io.ObjectInputStream$PeekInputStream.peek (Unknown Source)
|    at java.io.ObjectInputStream$BlockDataInputStream.peek (Unknown Source)
|    at java.io.ObjectInputStream$BlockDataInputStream.peekByte (Unknown Source)
|    at java.io.ObjectInputStream.readObject0 (Unknown Source)
|    at java.io.ObjectInputStream.readObject (Unknown Source)
|    at edu.csus.ecs.pc2.core.transport.ConnectionHandlerThread.receive (ConnectionHandlerThread.java:151)
|    at edu.csus.ecs.pc2.core.transport.ConnectionHandlerClientThread.run (ConnectionHandlerClientThread.java:65)
190302 154705.704|FINER|Thread-1|run|THROW
|edu.csus.ecs.pc2.core.transport.TransportException: Connection reset
|    at edu.csus.ecs.pc2.core.transport.ConnectionHandlerThread.receive (ConnectionHandlerThread.java:155)
|    at edu.csus.ecs.pc2.core.transport.ConnectionHandlerClientThread.run (ConnectionHandlerClientThread.java:65)
