190325 211320.857|CONFIG|main|setFileHandlers|Now logging to E:\coding\algorithm\CTDLGT mr.Son\pc2Client\bin\logs directory.
190325 211320.859|INFO|main|info|
190325 211320.864|INFO|main|info|Version 9.6.0 20190102 (Wednesday, January 2nd 2019 01:20 UTC) Java ver 1.8.0_201 build 5102 Windows 10 10.0 (amd64) 
190325 211320.865|INFO|main|startLog|Working directory is E:\coding\algorithm\CTDLGT mr.Son\pc2Client\bin
190325 211320.880|INFO|main|startLog|Process id is 2056@DESKTOP-1DUII36
190325 211320.880|INFO|main|start|Starting ConnectionManager...
190325 211321.268|INFO|main|start|Started ConnectionManager
190325 211321.272|INFO|main|setClientServerAndPort|INIFile File location: file:/E:/coding/algorithm/CTDLGT%20mr.Son/pc2Client/bin/pc2v9.ini
190325 211321.272|INFO|main|setClientServerAndPort|setClientServerAndPort 203.162.88.119 parsed as 203.162.88.119 port 50002
190325 211321.272|INFO|main|info|Contacting server at 203.162.88.119:50002
190325 211321.273|INFO|main|connectToMyServer|Connecting to 203.162.88.119:50002
190325 211321.457|INFO|Thread-1|receiveUnencrypted|receiveUnencrypted(TransportWrapper, ConnectionHandlerID=Socket[addr=/203.162.88.119,port=50002,localport=58469]-6418747754545116696)
190325 211322.089|INFO|Thread-1|receiveUnencrypted|receiveUnencrypted Made a secret key for Socket[addr=/203.162.88.119,port=50002,localport=58469]-6418747754545116696 key is com.sun.crypto.provider.DESKey@1865b
190325 211322.091|INFO|Thread-1|getPublicKeyPacket|Generating Unencrypted Public Key Packet
190325 211322.095|INFO|Thread-1|getPublicKeyPacket|checking key:= SunJCE Diffie-Hellman Public Key:
y:
    b45c042b 05c02274 50264bcf e2ee3829 0c312fca 084411cf 8bb1373f b0926d9e
    dd1c4dac af89cbc9 41a5ec39 b5658b91 2daccc62 5622b96c ee07f79f 2a342250
    6e891b57 932be184 8904f994 ae08f1ab 1bf572cd 8625f616 e593c93f 8a0935b5
    ffbc8794 92106442 2cbc879c 7eec4533 b07443d3 914e0349 2797ea41 28a668da
p:
    f488fd58 4e49dbcd 20b49de4 9107366b 336c380d 451d0f7c 88b31c7c 5b2d8ef6
    f3c923c0 43f0a55b 188d8ebb 558cb85d 38d334fd 7c175743 a31d186c de33212c
    b52aff3c e1b12940 18118d7c 84a70a72 d686c403 19c80729 7aca950c d9969fab
    d00a509b 0246d308 3d66a45d 419f9c7c bd894b22 1926baab a25ec355 e92f78c7
g:
    02
l:
    512
190325 211322.096|INFO|Thread-1|getPublicKeyPacket|packet:= edu.csus.ecs.pc2.core.transport.TransportWrapper@288c55d6
190325 213504.910|INFO|Thread-1|receive|Exception in receive for Socket[addr=/203.162.88.119,port=50002,localport=58469]-6418747754545116696
|java.net.SocketTimeoutException: Read timed out
|    at java.net.SocketInputStream.socketRead0 (Unknown Source)
|    at java.net.SocketInputStream.socketRead (Unknown Source)
|    at java.net.SocketInputStream.read (Unknown Source)
|    at java.net.SocketInputStream.read (Unknown Source)
|    at java.net.SocketInputStream.read (Unknown Source)
|    at java.io.ObjectInputStream$PeekInputStream.peek (Unknown Source)
|    at java.io.ObjectInputStream$BlockDataInputStream.peek (Unknown Source)
|    at java.io.ObjectInputStream$BlockDataInputStream.peekByte (Unknown Source)
|    at java.io.ObjectInputStream.readObject0 (Unknown Source)
|    at java.io.ObjectInputStream.readObject (Unknown Source)
|    at edu.csus.ecs.pc2.core.transport.ConnectionHandlerThread.receive (ConnectionHandlerThread.java:151)
|    at edu.csus.ecs.pc2.core.transport.ConnectionHandlerClientThread.run (ConnectionHandlerClientThread.java:65)
190325 213504.911|FINER|Thread-1|run|THROW
|edu.csus.ecs.pc2.core.transport.TransportException: Read timed out
|    at edu.csus.ecs.pc2.core.transport.ConnectionHandlerThread.receive (ConnectionHandlerThread.java:161)
|    at edu.csus.ecs.pc2.core.transport.ConnectionHandlerClientThread.run (ConnectionHandlerClientThread.java:65)
190325 213504.912|INFO|Thread-1|receive|SocketException in receive for Socket[addr=/203.162.88.119,port=50002,localport=58469]-6418747754545116696
|java.net.SocketException: Connection reset
|    at java.net.SocketInputStream.read (Unknown Source)
|    at java.net.SocketInputStream.read (Unknown Source)
|    at java.net.SocketInputStream.read (Unknown Source)
|    at java.io.ObjectInputStream$PeekInputStream.peek (Unknown Source)
|    at java.io.ObjectInputStream$BlockDataInputStream.peek (Unknown Source)
|    at java.io.ObjectInputStream$BlockDataInputStream.peekByte (Unknown Source)
|    at java.io.ObjectInputStream.readObject0 (Unknown Source)
|    at java.io.ObjectInputStream.readObject (Unknown Source)
|    at edu.csus.ecs.pc2.core.transport.ConnectionHandlerThread.receive (ConnectionHandlerThread.java:151)
|    at edu.csus.ecs.pc2.core.transport.ConnectionHandlerClientThread.run (ConnectionHandlerClientThread.java:65)
190325 213504.913|FINER|Thread-1|run|THROW
|edu.csus.ecs.pc2.core.transport.TransportException: Connection reset
|    at edu.csus.ecs.pc2.core.transport.ConnectionHandlerThread.receive (ConnectionHandlerThread.java:155)
|    at edu.csus.ecs.pc2.core.transport.ConnectionHandlerClientThread.run (ConnectionHandlerClientThread.java:65)
